This is pdfTeX, Version 3.141592653-2.6-1.40.24 (TeX Live 2022) (preloaded format=pdflatex 2023.3.9)  20 MAR 2023 21:58
entering extended mode
 restricted \write18 enabled.
 file:line:error style messages enabled.
 %&-line parsing enabled.
**c:/Users/isaldiviagonzatti/Downloads/gitFiles/MScThesisCode/latexManuscript/main
(c:/Users/isaldiviagonzatti/Downloads/gitFiles/MScThesisCode/latexManuscript/main.tex
LaTeX2e <2022-11-01> patch level 1
L3 programming layer <2023-02-22> (c:/Users/isaldiviagonzatti/AppData/Roaming/TinyTeX/texmf-dist/tex/latex/base/report.cls
Document Class: report 2022/07/02 v1.4n Standard LaTeX document class
(c:/Users/isaldiviagonzatti/AppData/Roaming/TinyTeX/texmf-dist/tex/latex/base/size12.clo
File: size12.clo 2022/07/02 v1.4n Standard LaTeX file (size option)
)
\c@part=\count185
\c@chapter=\count186
\c@section=\count187
\c@subsection=\count188
\c@subsubsection=\count189
\c@paragraph=\count190
\c@subparagraph=\count191
\c@figure=\count192
\c@table=\count193
\abovecaptionskip=\skip48
\belowcaptionskip=\skip49
\bibindent=\dimen140
) (c:/Users/isaldiviagonzatti/AppData/Roaming/TinyTeX/texmf-local/tex/latex/fncychap/fncychap.sty
Package: fncychap 2007/07/30 v1.34 LaTeX package (Revised chapters)
\RW=\skip50
\mylen=\skip51
\myhi=\skip52
\px=\skip53
\py=\skip54
\pyy=\skip55
\pxx=\skip56
\c@AlphaCnt=\count194
\c@AlphaDecCnt=\count195
) (c:/Users/isaldiviagonzatti/AppData/Roaming/TinyTeX/texmf-dist/tex/latex/preprint/fullpage.sty
Package: fullpage 1999/02/23 1.1 (PWD)
\FP@margin=\skip57
) (c:/Users/isaldiviagonzatti/AppData/Roaming/TinyTeX/texmf-dist/tex/latex/algorithms/algorithm.sty
Package: algorithm 2009/08/24 v0.1 Document Style `algorithm' - floating environment
 (c:/Users/isaldiviagonzatti/AppData/Roaming/TinyTeX/texmf-dist/tex/latex/float/float.sty
Package: float 2001/11/08 v1.3d Float enhancements (AL)
\c@float@type=\count196
\float@exts=\toks16
\float@box=\box51
\@float@everytoks=\toks17
\@floatcapt=\box52
) (c:/Users/isaldiviagonzatti/AppData/Roaming/TinyTeX/texmf-dist/tex/latex/base/ifthen.sty
Package: ifthen 2022/04/13 v1.1d Standard LaTeX ifthen package (DPC)
)
\@float@every@algorithm=\toks18
\c@algorithm=\count197
) (c:/Users/isaldiviagonzatti/AppData/Roaming/TinyTeX/texmf-dist/tex/latex/natbib/natbib.sty
Package: natbib 2010/09/13 8.31b (PWD, AO)
\bibhang=\skip58
\bibsep=\skip59
LaTeX Info: Redefining \cite on input line 694.
\c@NAT@ctr=\count198
) (c:/Users/isaldiviagonzatti/AppData/Roaming/TinyTeX/texmf-dist/tex/latex/pdfpages/pdfpages.sty
Package: pdfpages 2022/12/19 v0.5x Insert pages of external PDF documents (AM)
 (c:/Users/isaldiviagonzatti/AppData/Roaming/TinyTeX/texmf-dist/tex/latex/tools/calc.sty
Package: calc 2017/05/25 v4.3 Infix arithmetic (KKT,FJ)
\calc@Acount=\count199
\calc@Bcount=\count266
\calc@Adimen=\dimen141
\calc@Bdimen=\dimen142
\calc@Askip=\skip60
\calc@Bskip=\skip61
LaTeX Info: Redefining \setlength on input line 80.
LaTeX Info: Redefining \addtolength on input line 81.
\calc@Ccount=\count267
\calc@Cskip=\skip62
) (c:/Users/isaldiviagonzatti/AppData/Roaming/TinyTeX/texmf-dist/tex/latex/eso-pic/eso-pic.sty
Package: eso-pic 2020/10/14 v3.0a eso-pic (RN)
\ESO@tempdima=\dimen143
\ESO@tempdimb=\dimen144
 (c:/Users/isaldiviagonzatti/AppData/Roaming/TinyTeX/texmf-dist/tex/latex/graphics/keyval.sty
Package: keyval 2022/05/29 v1.15 key=value parser (DPC)
\KV@toks@=\toks19
) (c:/Users/isaldiviagonzatti/AppData/Roaming/TinyTeX/texmf-dist/tex/latex/xcolor/xcolor.sty
Package: xcolor 2022/06/12 v2.14 LaTeX color extensions (UK)
 (c:/Users/isaldiviagonzatti/AppData/Roaming/TinyTeX/texmf-dist/tex/latex/graphics-cfg/color.cfg
File: color.cfg 2016/01/02 v1.6 sample color configuration
)
Package xcolor Info: Driver file: pdftex.def on input line 227.
 (c:/Users/isaldiviagonzatti/AppData/Roaming/TinyTeX/texmf-dist/tex/latex/graphics-def/pdftex.def
File: pdftex.def 2022/09/22 v1.2b Graphics/color driver for pdftex
) (c:/Users/isaldiviagonzatti/AppData/Roaming/TinyTeX/texmf-dist/tex/latex/graphics/mathcolor.ltx)
Package xcolor Info: Model `cmy' substituted by `cmy0' on input line 1353.
Package xcolor Info: Model `hsb' substituted by `rgb' on input line 1357.
Package xcolor Info: Model `RGB' extended on input line 1369.
Package xcolor Info: Model `HTML' substituted by `rgb' on input line 1371.
Package xcolor Info: Model `Hsb' substituted by `hsb' on input line 1372.
Package xcolor Info: Model `tHsb' substituted by `hsb' on input line 1373.
Package xcolor Info: Model `HSB' substituted by `hsb' on input line 1374.
Package xcolor Info: Model `Gray' substituted by `gray' on input line 1375.
Package xcolor Info: Model `wave' substituted by `hsb' on input line 1376.
)) (c:/Users/isaldiviagonzatti/AppData/Roaming/TinyTeX/texmf-dist/tex/latex/graphics/graphicx.sty
Package: graphicx 2021/09/16 v1.2d Enhanced LaTeX Graphics (DPC,SPQR)
 (c:/Users/isaldiviagonzatti/AppData/Roaming/TinyTeX/texmf-dist/tex/latex/graphics/graphics.sty
Package: graphics 2022/03/10 v1.4e Standard LaTeX Graphics (DPC,SPQR)
 (c:/Users/isaldiviagonzatti/AppData/Roaming/TinyTeX/texmf-dist/tex/latex/graphics/trig.sty
Package: trig 2021/08/11 v1.11 sin cos tan (DPC)
) (c:/Users/isaldiviagonzatti/AppData/Roaming/TinyTeX/texmf-dist/tex/latex/graphics-cfg/graphics.cfg
File: graphics.cfg 2016/06/04 v1.11 sample graphics configuration
)
Package graphics Info: Driver file: pdftex.def on input line 107.
)
\Gin@req@height=\dimen145
\Gin@req@width=\dimen146
)
\AM@pagewidth=\dimen147
\AM@pageheight=\dimen148
\AM@fboxrule=\dimen149
 (c:/Users/isaldiviagonzatti/AppData/Roaming/TinyTeX/texmf-dist/tex/latex/pdfpages/pppdftex.def
File: pppdftex.def 2022/12/19 v0.5x Pdfpages driver for pdfTeX (AM)
)
\pdfpages@includegraphics@status=\count268
\AM@pagebox=\box53
\AM@global@opts=\toks20
\AM@pagecnt=\count269
\AM@toc@title=\toks21
\AM@lof@heading=\toks22
\c@AM@survey=\count270
\AM@templatesizebox=\box54
) (c:/Users/isaldiviagonzatti/AppData/Roaming/TinyTeX/texmf-dist/tex/latex/dblfloatfix/dblfloatfix.sty
Package: dblfloatfix 2012/12/31 v1.0a (JAW)
 (c:/Users/isaldiviagonzatti/AppData/Roaming/TinyTeX/texmf-dist/tex/latex/base/fixltx2e.sty
Package: fixltx2e 2016/12/29 v2.1a fixes to LaTeX (obsolete)
Applying: [2015/01/01] Old fixltx2e package on input line 46.


Package fixltx2e Warning: fixltx2e is not required with releases after 2015
(fixltx2e)                All fixes are now in the LaTeX kernel.
(fixltx2e)                See the latexrelease package for details.

Already applied: [0000/00/00] Old fixltx2e package on input line 53.
)
\@dblbotnum=\count271
\c@dblbotnumber=\count272
) (c:/Users/isaldiviagonzatti/AppData/Roaming/TinyTeX/texmf-dist/tex/latex/hanging/hanging.sty
Package: hanging 2009/09/02 v1.2b hanging paragraphs and punctuation
\h@ngcommawd=\skip63
\h@ngfstopwd=\skip64
\h@ngquotewd=\skip65
\h@ngdquotewd=\skip66
\h@ngquerywd=\skip67
\h@ngexclwd=\skip68
\h@ngcolonwd=\skip69
\h@ngscolonwd=\skip70
) (c:/Users/isaldiviagonzatti/AppData/Roaming/TinyTeX/texmf-dist/tex/latex/svg/svg.sty
Package: svg 2020/11/26 v2.02k (include SVG pictures)
 (c:/Users/isaldiviagonzatti/AppData/Roaming/TinyTeX/texmf-dist/tex/generic/iftex/iftex.sty
Package: iftex 2022/02/03 v1.0f TeX engine tests
) (c:/Users/isaldiviagonzatti/AppData/Roaming/TinyTeX/texmf-dist/tex/latex/koma-script/scrbase.sty
Package: scrbase 2022/10/12 v3.38 KOMA-Script package (KOMA-Script-independent basics and keyval usage)
 (c:/Users/isaldiviagonzatti/AppData/Roaming/TinyTeX/texmf-dist/tex/latex/koma-script/scrlfile.sty
Package: scrlfile 2022/10/12 v3.38 KOMA-Script package (file load hooks)
 (c:/Users/isaldiviagonzatti/AppData/Roaming/TinyTeX/texmf-dist/tex/latex/koma-script/scrlfile-hook.sty
Package: scrlfile-hook 2022/10/12 v3.38 KOMA-Script package (using LaTeX hooks)
 (c:/Users/isaldiviagonzatti/AppData/Roaming/TinyTeX/texmf-dist/tex/latex/koma-script/scrlogo.sty
Package: scrlogo 2022/10/12 v3.38 KOMA-Script package (logo)
)))
Applying: [2021/05/01] Usage of raw or classic option list on input line 252.
Already applied: [0000/00/00] Usage of raw or classic option list on input line 368.
) (c:/Users/isaldiviagonzatti/AppData/Roaming/TinyTeX/texmf-dist/tex/generic/pdftexcmds/pdftexcmds.sty
Package: pdftexcmds 2020-06-27 v0.33 Utility functions of pdfTeX for LuaTeX (HO)
 (c:/Users/isaldiviagonzatti/AppData/Roaming/TinyTeX/texmf-dist/tex/generic/infwarerr/infwarerr.sty
Package: infwarerr 2019/12/03 v1.5 Providing info/warning/error messages (HO)
) (c:/Users/isaldiviagonzatti/AppData/Roaming/TinyTeX/texmf-dist/tex/generic/ltxcmds/ltxcmds.sty
Package: ltxcmds 2020-05-10 v1.25 LaTeX kernel commands for general use (HO)
)
Package pdftexcmds Info: \pdf@primitive is available.
Package pdftexcmds Info: \pdf@ifprimitive is available.
Package pdftexcmds Info: \pdfdraftmode found.
) (c:/Users/isaldiviagonzatti/AppData/Roaming/TinyTeX/texmf-dist/tex/latex/trimspaces/trimspaces.sty
Package: trimspaces 2009/09/17 v1.1 Trim spaces around a token list
) (c:/Users/isaldiviagonzatti/AppData/Roaming/TinyTeX/texmf-dist/tex/latex/tools/shellesc.sty
Package: shellesc 2019/11/08 v1.0c unified shell escape interface for LaTeX
Package shellesc Info: Restricted shell escape enabled on input line 77.
)
\c@svg@param@lastpage=\count273
\svg@box=\box55
\c@svg@param@currpage=\count274
) (c:/Users/isaldiviagonzatti/AppData/Roaming/TinyTeX/texmf-dist/tex/latex/transparent/transparent.sty
Package: transparent 2022-10-27 v1.5 Transparency with color stacks
 (c:/Users/isaldiviagonzatti/AppData/Roaming/TinyTeX/texmf-dist/tex/latex/transparent/transparent-nometadata.sty
Package: transparent-nometadata 2022-10-27 v1.5 Transparency via pdfTeX's color stack (HO)
 (c:/Users/isaldiviagonzatti/AppData/Roaming/TinyTeX/texmf-dist/tex/latex/auxhook/auxhook.sty
Package: auxhook 2019-12-17 v1.6 Hooks for auxiliary files (HO)
))) (c:/Users/isaldiviagonzatti/AppData/Roaming/TinyTeX/texmf-dist/tex/latex/pgf/systemlayer/pgfsys.sty (c:/Users/isaldiviagonzatti/AppData/Roaming/TinyTeX/texmf-dist/tex/latex/pgf/utilities/pgfrcs.sty (c:/Users/isaldiviagonzatti/AppData/Roaming/TinyTeX/texmf-dist/tex/generic/pgf/utilities/pgfutil-common.tex
\pgfutil@everybye=\toks23
\pgfutil@tempdima=\dimen150
\pgfutil@tempdimb=\dimen151
) (c:/Users/isaldiviagonzatti/AppData/Roaming/TinyTeX/texmf-dist/tex/generic/pgf/utilities/pgfutil-latex.def
\pgfutil@abb=\box56
) (c:/Users/isaldiviagonzatti/AppData/Roaming/TinyTeX/texmf-dist/tex/generic/pgf/utilities/pgfrcs.code.tex (c:/Users/isaldiviagonzatti/AppData/Roaming/TinyTeX/texmf-dist/tex/generic/pgf/pgf.revision.tex)
Package: pgfrcs 2023-01-15 v3.1.10 (3.1.10)
)) (c:/Users/isaldiviagonzatti/AppData/Roaming/TinyTeX/texmf-dist/tex/generic/pgf/systemlayer/pgfsys.code.tex
Package: pgfsys 2023-01-15 v3.1.10 (3.1.10)
 (c:/Users/isaldiviagonzatti/AppData/Roaming/TinyTeX/texmf-dist/tex/generic/pgf/utilities/pgfkeys.code.tex
\pgfkeys@pathtoks=\toks24
\pgfkeys@temptoks=\toks25
 (c:/Users/isaldiviagonzatti/AppData/Roaming/TinyTeX/texmf-dist/tex/generic/pgf/utilities/pgfkeyslibraryfiltered.code.tex
\pgfkeys@tmptoks=\toks26
))
\pgf@x=\dimen152
\pgf@y=\dimen153
\pgf@xa=\dimen154
\pgf@ya=\dimen155
\pgf@xb=\dimen156
\pgf@yb=\dimen157
\pgf@xc=\dimen158
\pgf@yc=\dimen159
\pgf@xd=\dimen160
\pgf@yd=\dimen161
\w@pgf@writea=\write3
\r@pgf@reada=\read2
\c@pgf@counta=\count275
\c@pgf@countb=\count276
\c@pgf@countc=\count277
\c@pgf@countd=\count278
\t@pgf@toka=\toks27
\t@pgf@tokb=\toks28
\t@pgf@tokc=\toks29
\pgf@sys@id@count=\count279
 (c:/Users/isaldiviagonzatti/AppData/Roaming/TinyTeX/texmf-dist/tex/generic/pgf/systemlayer/pgf.cfg
File: pgf.cfg 2023-01-15 v3.1.10 (3.1.10)
)
Driver file for pgf: pgfsys-pdftex.def
 (c:/Users/isaldiviagonzatti/AppData/Roaming/TinyTeX/texmf-dist/tex/generic/pgf/systemlayer/pgfsys-pdftex.def
File: pgfsys-pdftex.def 2023-01-15 v3.1.10 (3.1.10)
 (c:/Users/isaldiviagonzatti/AppData/Roaming/TinyTeX/texmf-dist/tex/generic/pgf/systemlayer/pgfsys-common-pdf.def
File: pgfsys-common-pdf.def 2023-01-15 v3.1.10 (3.1.10)
))) (c:/Users/isaldiviagonzatti/AppData/Roaming/TinyTeX/texmf-dist/tex/generic/pgf/systemlayer/pgfsyssoftpath.code.tex
File: pgfsyssoftpath.code.tex 2023-01-15 v3.1.10 (3.1.10)
\pgfsyssoftpath@smallbuffer@items=\count280
\pgfsyssoftpath@bigbuffer@items=\count281
) (c:/Users/isaldiviagonzatti/AppData/Roaming/TinyTeX/texmf-dist/tex/generic/pgf/systemlayer/pgfsysprotocol.code.tex
File: pgfsysprotocol.code.tex 2023-01-15 v3.1.10 (3.1.10)
)) (c:/Users/isaldiviagonzatti/AppData/Roaming/TinyTeX/texmf-dist/tex/latex/base/inputenc.sty
Package: inputenc 2021/02/14 v1.3d Input encoding file
\inpenc@prehook=\toks30
\inpenc@posthook=\toks31
) (c:/Users/isaldiviagonzatti/AppData/Roaming/TinyTeX/texmf-dist/tex/latex/realboxes/realboxes.sty
Package: realboxes 2011/08/08 v0.2 Change box commands to read there content as real boxes
 (c:/Users/isaldiviagonzatti/AppData/Roaming/TinyTeX/texmf-dist/tex/latex/collectbox/collectbox.sty
Package: collectbox 2022/10/17 v0.4c Collect macro arguments as boxes
\collectedbox=\box57
) (c:/Users/isaldiviagonzatti/AppData/Roaming/TinyTeX/texmf-dist/tex/latex/adjustbox/adjcalc.sty
Package: adjcalc 2012/05/16 v1.1 Provides advanced setlength with multiple back-ends (calc, etex, pgfmath)
 (c:/Users/isaldiviagonzatti/AppData/Roaming/TinyTeX/texmf-dist/tex/latex/xkeyval/xkeyval.sty
Package: xkeyval 2022/06/16 v2.9 package option processing (HA)
 (c:/Users/isaldiviagonzatti/AppData/Roaming/TinyTeX/texmf-dist/tex/generic/xkeyval/xkeyval.tex (c:/Users/isaldiviagonzatti/AppData/Roaming/TinyTeX/texmf-dist/tex/generic/xkeyval/xkvutils.tex
\XKV@toks=\toks32
\XKV@tempa@toks=\toks33
)
\XKV@depth=\count282
File: xkeyval.tex 2014/12/03 v2.7a key=value parser (HA)
)))) (c:/Users/isaldiviagonzatti/AppData/Roaming/TinyTeX/texmf-dist/tex/latex/graphics/lscape.sty
Package: lscape 2020/05/28 v3.02 Landscape Pages (DPC)
) (c:/Users/isaldiviagonzatti/AppData/Roaming/TinyTeX/texmf-dist/tex/latex/etoolbox/etoolbox.sty
Package: etoolbox 2020/10/05 v2.5k e-TeX tools for LaTeX (JAW)
\etb@tempcnta=\count283
) (c:/Users/isaldiviagonzatti/AppData/Roaming/TinyTeX/texmf-dist/tex/latex/hyperref/hyperref.sty
Package: hyperref 2023-02-07 v7.00v Hypertext links for LaTeX
 (c:/Users/isaldiviagonzatti/AppData/Roaming/TinyTeX/texmf-dist/tex/latex/kvsetkeys/kvsetkeys.sty
Package: kvsetkeys 2022-10-05 v1.19 Key value parser (HO)
) (c:/Users/isaldiviagonzatti/AppData/Roaming/TinyTeX/texmf-dist/tex/generic/kvdefinekeys/kvdefinekeys.sty
Package: kvdefinekeys 2019-12-19 v1.6 Define keys (HO)
) (c:/Users/isaldiviagonzatti/AppData/Roaming/TinyTeX/texmf-dist/tex/generic/pdfescape/pdfescape.sty
Package: pdfescape 2019/12/09 v1.15 Implements pdfTeX's escape features (HO)
) (c:/Users/isaldiviagonzatti/AppData/Roaming/TinyTeX/texmf-dist/tex/latex/hycolor/hycolor.sty
Package: hycolor 2020-01-27 v1.10 Color options for hyperref/bookmark (HO)
) (c:/Users/isaldiviagonzatti/AppData/Roaming/TinyTeX/texmf-dist/tex/latex/letltxmacro/letltxmacro.sty
Package: letltxmacro 2019/12/03 v1.6 Let assignment for LaTeX macros (HO)
) (c:/Users/isaldiviagonzatti/AppData/Roaming/TinyTeX/texmf-dist/tex/latex/hyperref/nameref.sty
Package: nameref 2022-05-17 v2.50 Cross-referencing by name of section
 (c:/Users/isaldiviagonzatti/AppData/Roaming/TinyTeX/texmf-dist/tex/latex/refcount/refcount.sty
Package: refcount 2019/12/15 v3.6 Data extraction from label references (HO)
) (c:/Users/isaldiviagonzatti/AppData/Roaming/TinyTeX/texmf-dist/tex/generic/gettitlestring/gettitlestring.sty
Package: gettitlestring 2019/12/15 v1.6 Cleanup title references (HO)
 (c:/Users/isaldiviagonzatti/AppData/Roaming/TinyTeX/texmf-dist/tex/latex/kvoptions/kvoptions.sty
Package: kvoptions 2022-06-15 v3.15 Key value format for package options (HO)
))
\c@section@level=\count284
)
\@linkdim=\dimen162
\Hy@linkcounter=\count285
\Hy@pagecounter=\count286
 (c:/Users/isaldiviagonzatti/AppData/Roaming/TinyTeX/texmf-dist/tex/latex/hyperref/pd1enc.def
File: pd1enc.def 2023-02-07 v7.00v Hyperref: PDFDocEncoding definition (HO)
Now handling font encoding PD1 ...
... no UTF-8 mapping file for font encoding PD1
) (c:/Users/isaldiviagonzatti/AppData/Roaming/TinyTeX/texmf-dist/tex/generic/intcalc/intcalc.sty
Package: intcalc 2019/12/15 v1.3 Expandable calculations with integers (HO)
) (c:/Users/isaldiviagonzatti/AppData/Roaming/TinyTeX/texmf-dist/tex/generic/etexcmds/etexcmds.sty
Package: etexcmds 2019/12/15 v1.7 Avoid name clashes with e-TeX commands (HO)
)
\Hy@SavedSpaceFactor=\count287
 (c:/Users/isaldiviagonzatti/AppData/Roaming/TinyTeX/texmf-dist/tex/latex/hyperref/puenc.def
File: puenc.def 2023-02-07 v7.00v Hyperref: PDF Unicode definition (HO)
Now handling font encoding PU ...
... no UTF-8 mapping file for font encoding PU
)
Package hyperref Info: Hyper figures OFF on input line 4177.
Package hyperref Info: Link nesting OFF on input line 4182.
Package hyperref Info: Hyper index ON on input line 4185.
Package hyperref Info: Plain pages OFF on input line 4192.
Package hyperref Info: Backreferencing OFF on input line 4197.
Package hyperref Info: Implicit mode ON; LaTeX internals redefined.
Package hyperref Info: Bookmarks ON on input line 4425.
\c@Hy@tempcnt=\count288
 (c:/Users/isaldiviagonzatti/AppData/Roaming/TinyTeX/texmf-dist/tex/latex/url/url.sty
\Urlmuskip=\muskip16
Package: url 2013/09/16  ver 3.4  Verb mode for urls, etc.
)
LaTeX Info: Redefining \url on input line 4763.
\XeTeXLinkMargin=\dimen163
 (c:/Users/isaldiviagonzatti/AppData/Roaming/TinyTeX/texmf-dist/tex/generic/bitset/bitset.sty
Package: bitset 2019/12/09 v1.3 Handle bit-vector datatype (HO)
 (c:/Users/isaldiviagonzatti/AppData/Roaming/TinyTeX/texmf-dist/tex/generic/bigintcalc/bigintcalc.sty
Package: bigintcalc 2019/12/15 v1.5 Expandable calculations on big integers (HO)
))
\Fld@menulength=\count289
\Field@Width=\dimen164
\Fld@charsize=\dimen165
Package hyperref Info: Hyper figures OFF on input line 6042.
Package hyperref Info: Link nesting OFF on input line 6047.
Package hyperref Info: Hyper index ON on input line 6050.
Package hyperref Info: backreferencing OFF on input line 6057.
Package hyperref Info: Link coloring OFF on input line 6062.
Package hyperref Info: Link coloring with OCG OFF on input line 6067.
Package hyperref Info: PDF/A mode OFF on input line 6072.
 (c:/Users/isaldiviagonzatti/AppData/Roaming/TinyTeX/texmf-dist/tex/latex/base/atbegshi-ltx.sty
Package: atbegshi-ltx 2021/01/10 v1.0c Emulation of the original atbegshi
package with kernel methods
)
\Hy@abspage=\count290
\c@Item=\count291
\c@Hfootnote=\count292
)
Package hyperref Info: Driver (autodetected): hpdftex.
 (c:/Users/isaldiviagonzatti/AppData/Roaming/TinyTeX/texmf-dist/tex/latex/hyperref/hpdftex.def
File: hpdftex.def 2023-02-07 v7.00v Hyperref driver for pdfTeX
 (c:/Users/isaldiviagonzatti/AppData/Roaming/TinyTeX/texmf-dist/tex/latex/base/atveryend-ltx.sty
Package: atveryend-ltx 2020/08/19 v1.0a Emulation of the original atveryend package
with kernel methods
)
\Fld@listcount=\count293
\c@bookmark@seq@number=\count294
 (c:/Users/isaldiviagonzatti/AppData/Roaming/TinyTeX/texmf-dist/tex/latex/rerunfilecheck/rerunfilecheck.sty
Package: rerunfilecheck 2022-07-10 v1.10 Rerun checks for auxiliary files (HO)
 (c:/Users/isaldiviagonzatti/AppData/Roaming/TinyTeX/texmf-dist/tex/generic/uniquecounter/uniquecounter.sty
Package: uniquecounter 2019/12/15 v1.4 Provide unlimited unique counter (HO)
)
Package uniquecounter Info: New unique counter `rerunfilecheck' on input line 285.
)
\Hy@SectionHShift=\skip71
) (c:/Users/isaldiviagonzatti/AppData/Roaming/TinyTeX/texmf-dist/tex/latex/amsfonts/amssymb.sty
Package: amssymb 2013/01/14 v3.01 AMS font symbols
 (c:/Users/isaldiviagonzatti/AppData/Roaming/TinyTeX/texmf-dist/tex/latex/amsfonts/amsfonts.sty
Package: amsfonts 2013/01/14 v3.01 Basic AMSFonts support
\@emptytoks=\toks34
\symAMSa=\mathgroup4
\symAMSb=\mathgroup5
LaTeX Font Info:    Redeclaring math symbol \hbar on input line 98.
LaTeX Font Info:    Overwriting math alphabet `\mathfrak' in version `bold'
(Font)                  U/euf/m/n --> U/euf/b/n on input line 106.
)) (c:/Users/isaldiviagonzatti/AppData/Roaming/TinyTeX/texmf-dist/tex/latex/amsmath/amsmath.sty
Package: amsmath 2022/04/08 v2.17n AMS math features
\@mathmargin=\skip72

For additional information on amsmath, use the `?' option.
(c:/Users/isaldiviagonzatti/AppData/Roaming/TinyTeX/texmf-dist/tex/latex/amsmath/amstext.sty
Package: amstext 2021/08/26 v2.01 AMS text
 (c:/Users/isaldiviagonzatti/AppData/Roaming/TinyTeX/texmf-dist/tex/latex/amsmath/amsgen.sty
File: amsgen.sty 1999/11/30 v2.0 generic functions
\@emptytoks=\toks35
\ex@=\dimen166
)) (c:/Users/isaldiviagonzatti/AppData/Roaming/TinyTeX/texmf-dist/tex/latex/amsmath/amsbsy.sty
Package: amsbsy 1999/11/29 v1.2d Bold Symbols
\pmbraise@=\dimen167
) (c:/Users/isaldiviagonzatti/AppData/Roaming/TinyTeX/texmf-dist/tex/latex/amsmath/amsopn.sty
Package: amsopn 2022/04/08 v2.04 operator names
)
\inf@bad=\count295
LaTeX Info: Redefining \frac on input line 234.
\uproot@=\count296
\leftroot@=\count297
LaTeX Info: Redefining \overline on input line 399.
LaTeX Info: Redefining \colon on input line 410.
\classnum@=\count298
\DOTSCASE@=\count299
LaTeX Info: Redefining \ldots on input line 496.
LaTeX Info: Redefining \dots on input line 499.
LaTeX Info: Redefining \cdots on input line 620.
\Mathstrutbox@=\box58
\strutbox@=\box59
LaTeX Info: Redefining \big on input line 722.
LaTeX Info: Redefining \Big on input line 723.
LaTeX Info: Redefining \bigg on input line 724.
LaTeX Info: Redefining \Bigg on input line 725.
\big@size=\dimen168
LaTeX Font Info:    Redeclaring font encoding OML on input line 743.
LaTeX Font Info:    Redeclaring font encoding OMS on input line 744.
\macc@depth=\count300
LaTeX Info: Redefining \bmod on input line 905.
LaTeX Info: Redefining \pmod on input line 910.
LaTeX Info: Redefining \smash on input line 940.
LaTeX Info: Redefining \relbar on input line 970.
LaTeX Info: Redefining \Relbar on input line 971.
\c@MaxMatrixCols=\count301
\dotsspace@=\muskip17
\c@parentequation=\count302
\dspbrk@lvl=\count303
\tag@help=\toks36
\row@=\count304
\column@=\count305
\maxfields@=\count306
\andhelp@=\toks37
\eqnshift@=\dimen169
\alignsep@=\dimen170
\tagshift@=\dimen171
\tagwidth@=\dimen172
\totwidth@=\dimen173
\lineht@=\dimen174
\@envbody=\toks38
\multlinegap=\skip73
\multlinetaggap=\skip74
\mathdisplay@stack=\toks39
LaTeX Info: Redefining \[ on input line 2953.
LaTeX Info: Redefining \] on input line 2954.
) (c:/Users/isaldiviagonzatti/AppData/Roaming/TinyTeX/texmf-dist/tex/latex/booktabs/booktabs.sty
Package: booktabs 2020/01/12 v1.61803398 Publication quality tables
\heavyrulewidth=\dimen175
\lightrulewidth=\dimen176
\cmidrulewidth=\dimen177
\belowrulesep=\dimen178
\belowbottomsep=\dimen179
\aboverulesep=\dimen180
\abovetopsep=\dimen181
\cmidrulesep=\dimen182
\cmidrulekern=\dimen183
\defaultaddspace=\dimen184
\@cmidla=\count307
\@cmidlb=\count308
\@aboverulesep=\dimen185
\@belowrulesep=\dimen186
\@thisruleclass=\count309
\@lastruleclass=\count310
\@thisrulewidth=\dimen187
) (c:/Users/isaldiviagonzatti/AppData/Roaming/TinyTeX/texmf-dist/tex/latex/eurosym/eurosym.sty
Package: eurosym 1998/08/06 v1.1 European currency symbol ``Euro''
\@eurobox=\box60
) (c:/Users/isaldiviagonzatti/AppData/Roaming/TinyTeX/texmf-dist/tex/latex/comment/comment.sty
\CommentStream=\write4
 Excluding comment 'comment') (c:/Users/isaldiviagonzatti/AppData/Roaming/TinyTeX/texmf-dist/tex/latex/caption/caption.sty
Package: caption 2022/03/01 v3.6b Customizing captions (AR)
 (c:/Users/isaldiviagonzatti/AppData/Roaming/TinyTeX/texmf-dist/tex/latex/caption/caption3.sty
Package: caption3 2022/03/17 v2.3b caption3 kernel (AR)
\caption@tempdima=\dimen188
\captionmargin=\dimen189
\caption@leftmargin=\dimen190
\caption@rightmargin=\dimen191
\caption@width=\dimen192
\caption@indent=\dimen193
\caption@parindent=\dimen194
\caption@hangindent=\dimen195
Package caption Info: Standard document class detected.
)
\c@caption@flags=\count311
\c@continuedfloat=\count312
Package caption Info: float package is loaded.
Package caption Info: hyperref package is loaded.
) (c:/Users/isaldiviagonzatti/AppData/Roaming/TinyTeX/texmf-dist/tex/latex/pdflscape/pdflscape.sty
Package: pdflscape 2022-10-27 v0.13 Display of landscape pages in PDF
 (c:/Users/isaldiviagonzatti/AppData/Roaming/TinyTeX/texmf-dist/tex/latex/pdflscape/pdflscape-nometadata.sty
Package: pdflscape-nometadata 2022-10-28 v0.13 Display of landscape pages in PDF (HO)
Package pdflscape Info: Auto-detected driver: pdftex on input line 81.
)) (c:/Users/isaldiviagonzatti/AppData/Roaming/TinyTeX/texmf-dist/tex/latex/caption/subcaption.sty
Package: subcaption 2022/01/07 v1.5 Sub-captions (AR)
\c@subfigure=\count313
\c@subtable=\count314
) (c:/Users/isaldiviagonzatti/AppData/Roaming/TinyTeX/texmf-dist/tex/latex/tools/array.sty
Package: array 2022/09/04 v2.5g Tabular extension package (FMi)
\col@sep=\dimen196
\ar@mcellbox=\box61
\extrarowheight=\dimen197
\NC@list=\toks40
\extratabsurround=\skip75
\backup@length=\skip76
\ar@cellbox=\box62
) (c:/Users/isaldiviagonzatti/AppData/Roaming/TinyTeX/texmf-dist/tex/latex/multirow/multirow.sty
Package: multirow 2021/03/15 v2.8 Span multiple rows of a table
\multirow@colwidth=\skip77
\multirow@cntb=\count315
\multirow@dima=\skip78
\bigstrutjot=\dimen198
) (c:/Users/isaldiviagonzatti/AppData/Roaming/TinyTeX/texmf-dist/tex/latex/titlesec/titlesec.sty
Package: titlesec 2021/07/05 v2.14 Sectioning titles
\ttl@box=\box63
\beforetitleunit=\skip79
\aftertitleunit=\skip80
\ttl@plus=\dimen199
\ttl@minus=\dimen256
\ttl@toksa=\toks41
\titlewidth=\dimen257
\titlewidthlast=\dimen258
\titlewidthfirst=\dimen259
) (c:/Users/isaldiviagonzatti/AppData/Roaming/TinyTeX/texmf-dist/tex/latex/geometry/geometry.sty
Package: geometry 2020/01/02 v5.9 Page Geometry
 (c:/Users/isaldiviagonzatti/AppData/Roaming/TinyTeX/texmf-dist/tex/generic/iftex/ifvtex.sty
Package: ifvtex 2019/10/25 v1.7 ifvtex legacy package. Use iftex instead.
)
\Gm@cnth=\count316
\Gm@cntv=\count317
\c@Gm@tempcnt=\count318
\Gm@bindingoffset=\dimen260
\Gm@wd@mp=\dimen261
\Gm@odd@mp=\dimen262
\Gm@even@mp=\dimen263
\Gm@layoutwidth=\dimen264
\Gm@layoutheight=\dimen265
\Gm@layouthoffset=\dimen266
\Gm@layoutvoffset=\dimen267
\Gm@dimlist=\toks42
) (c:/Users/isaldiviagonzatti/AppData/Roaming/TinyTeX/texmf-dist/tex/latex/footmisc/footmisc.sty
Package: footmisc 2022/03/08 v6.0d a miscellany of footnote facilities
\FN@temptoken=\toks43
\footnotemargin=\dimen268
\@outputbox@depth=\dimen269
Package footmisc Info: Declaring symbol style bringhurst on input line 695.
Package footmisc Info: Declaring symbol style chicago on input line 703.
Package footmisc Info: Declaring symbol style wiley on input line 712.
Package footmisc Info: Declaring symbol style lamport-robust on input line 723.
Package footmisc Info: Declaring symbol style lamport* on input line 743.
Package footmisc Info: Declaring symbol style lamport*-robust on input line 764.
) (c:/Users/isaldiviagonzatti/AppData/Roaming/TinyTeX/texmf-dist/tex/latex/cleveref/cleveref.sty
Package: cleveref 2018/03/27 v0.21.4 Intelligent cross-referencing
Package cleveref Info: `hyperref' support loaded on input line 2370.
LaTeX Info: Redefining \cref on input line 2370.
LaTeX Info: Redefining \Cref on input line 2370.
LaTeX Info: Redefining \crefrange on input line 2370.
LaTeX Info: Redefining \Crefrange on input line 2370.
LaTeX Info: Redefining \cpageref on input line 2370.
LaTeX Info: Redefining \Cpageref on input line 2370.
LaTeX Info: Redefining \cpagerefrange on input line 2370.
LaTeX Info: Redefining \Cpagerefrange on input line 2370.
LaTeX Info: Redefining \labelcref on input line 2370.
LaTeX Info: Redefining \labelcpageref on input line 2370.
) (c:/Users/isaldiviagonzatti/AppData/Roaming/TinyTeX/texmf-dist/tex/latex/appendix/appendix.sty
Package: appendix 2020/02/08 v1.2c extra appendix facilities
\c@@pps=\count319
\c@@ppsavesec=\count320
\c@@ppsaveapp=\count321
) (c:/Users/isaldiviagonzatti/AppData/Roaming/TinyTeX/texmf-dist/tex/latex/setspace/setspace.sty
Package: setspace 2022/12/04 v6.7b set line spacing
) (c:/Users/isaldiviagonzatti/AppData/Roaming/TinyTeX/texmf-dist/tex/generic/nth/nth.sty
Package: nth 2002/02/27
) (c:/Users/isaldiviagonzatti/AppData/Roaming/TinyTeX/texmf-dist/tex/latex/arydshln/arydshln.sty
Package: arydshln 2019/02/21 v1.76 
\dashlinedash=\dimen270
\dashlinegap=\dimen271
\adl@box=\box64
\adl@height=\dimen272
\adl@heightsave=\dimen273
\adl@depth=\dimen274
\adl@depthsave=\dimen275
\adl@finaldepth=\dimen276
\adl@columns=\count322
\adl@ncol=\count323
\adl@currentcolumn=\count324
\adl@currentcolumnsave=\count325
\adl@totalheight=\count326
\adl@totalheightsave=\count327
\adl@dash=\count328
\adl@gap=\count329
\adl@cla=\count330
\adl@clb=\count331
\adl@everyvbox=\toks44
\adl@LTpagetotal=\dimen277
) (c:/Users/isaldiviagonzatti/AppData/Roaming/TinyTeX/texmf-dist/tex/latex/environ/environ.sty
Package: environ 2014/05/04 v0.3 A new way to define environments
) (c:/Users/isaldiviagonzatti/AppData/Roaming/TinyTeX/texmf-dist/tex/latex/lineno/lineno.sty
Package: lineno 2023/01/19 line numbers on paragraphs v5.1
\linenopenalty=\count332
\output=\toks45
\linenoprevgraf=\count333
\linenumbersep=\dimen278
\linenumberwidth=\dimen279
\c@linenumber=\count334
\c@pagewiselinenumber=\count335
\c@LN@truepage=\count336
\c@internallinenumber=\count337
\c@internallinenumbers=\count338
\quotelinenumbersep=\dimen280
\bframerule=\dimen281
\bframesep=\dimen282
\bframebox=\box65
\linenoamsmath@ams@eqpen=\count339
LaTeX Info: Redefining \\ on input line 3131.
) (c:/Users/isaldiviagonzatti/AppData/Roaming/TinyTeX/texmf-dist/tex/latex/csquotes/csquotes.sty
Package: csquotes 2022-09-14 v5.2n context-sensitive quotations (JAW)
\csq@reset=\count340
\csq@gtype=\count341
\csq@glevel=\count342
\csq@qlevel=\count343
\csq@maxlvl=\count344
\csq@tshold=\count345
\csq@ltx@everypar=\toks46
 (c:/Users/isaldiviagonzatti/AppData/Roaming/TinyTeX/texmf-dist/tex/latex/csquotes/csquotes.def
File: csquotes.def 2022-09-14 v5.2n csquotes generic definitions (JAW)
)
Package csquotes Info: Trying to load configuration file 'csquotes.cfg'...
Package csquotes Info: ... configuration file loaded successfully.
 (c:/Users/isaldiviagonzatti/AppData/Roaming/TinyTeX/texmf-dist/tex/latex/csquotes/csquotes.cfg
File: csquotes.cfg 
)) (c:/Users/isaldiviagonzatti/AppData/Roaming/TinyTeX/texmf-dist/tex/latex/mhchem/mhchem.sty
Package: mhchem 2021/12/31 v4.09 for typesetting chemical formulae
 (c:/Users/isaldiviagonzatti/AppData/Roaming/TinyTeX/texmf-dist/tex/latex/l3kernel/expl3.sty
Package: expl3 2023-02-22 L3 programming layer (loader) 
 (c:/Users/isaldiviagonzatti/AppData/Roaming/TinyTeX/texmf-dist/tex/latex/l3backend/l3backend-pdftex.def
File: l3backend-pdftex.def 2023-01-16 L3 backend support: PDF output (pdfTeX)
\l__color_backend_stack_int=\count346
\l__pdf_internal_box=\box66
)) (c:/Users/isaldiviagonzatti/AppData/Roaming/TinyTeX/texmf-dist/tex/latex/l3packages/l3keys2e/l3keys2e.sty
Package: l3keys2e 2023-02-02 LaTeX2e option processing using LaTeX3 keys
) (c:/Users/isaldiviagonzatti/AppData/Roaming/TinyTeX/texmf-dist/tex/latex/chemgreek/chemgreek.sty (c:/Users/isaldiviagonzatti/AppData/Roaming/TinyTeX/texmf-dist/tex/latex/l3packages/xparse/xparse.sty
Package: xparse 2023-02-02 L3 Experimental document command parser
)
Package: chemgreek 2020/01/16 v1.1a interface for upright Greek letters for use in chemistry (CN)
\l__chemgreek_tmpa_int=\count347
\g__chemgreek_tmpa_int=\count348
)
\l__mhchem_ce_distanceFromLastComma_int=\count349
\__mhchem_arrow_extPgfLength_skip=\skip81
\mhchem@minispace@tmp=\skip82
\mhchem@minibackspace@tmp=\skip83
\mhchem@bondwidth=\skip84
\mhchem@bondheight=\skip85
\mhchem@smallbondwidth@tmpA=\skip86
\mhchem@smallbondwidth@tmpB=\skip87
\mhchem@smallbondwidth=\skip88
\mhchem@bondtmp@minussidebearingleft=\skip89
\mhchem@bondtmp@minussidebearingright=\skip90
\l__mhchem_option_version_int=\count350
\mhchem@option@minusmathsidebearingleft=\dimen283
\mhchem@option@minusmathsidebearingright=\dimen284
\mhchem@option@minustextsidebearingleft=\dimen285
\mhchem@option@minustextsidebearingright=\dimen286
) (c:/Users/isaldiviagonzatti/AppData/Roaming/TinyTeX/texmf-dist/tex/latex/threeparttable/threeparttable.sty
Package: threeparttable 2003/06/13  v 3.0
\@tempboxb=\box67
) (c:/Users/isaldiviagonzatti/AppData/Roaming/TinyTeX/texmf-dist/tex/latex/tools/longtable.sty
Package: longtable 2021-09-01 v4.17 Multi-page Table package (DPC)
\LTleft=\skip91
\LTright=\skip92
\LTpre=\skip93
\LTpost=\skip94
\LTchunksize=\count351
\LTcapwidth=\dimen287
\LT@head=\box68
\LT@firsthead=\box69
\LT@foot=\box70
\LT@lastfoot=\box71
\LT@gbox=\box72
\LT@cols=\count352
\LT@rows=\count353
\c@LT@tables=\count354
\c@LT@chunks=\count355
\LT@p@ftn=\toks47
) (c:/Users/isaldiviagonzatti/AppData/Roaming/TinyTeX/texmf-dist/tex/latex/xltabular/xltabular.sty
Package: xltabular 2020/11/04 v0.2e `xltabular' package (hv,RN)
 (c:/Users/isaldiviagonzatti/AppData/Roaming/TinyTeX/texmf-dist/tex/latex/tools/tabularx.sty
Package: tabularx 2020/01/15 v2.11c `tabularx' package (DPC)
\TX@col@width=\dimen288
\TX@old@table=\dimen289
\TX@old@col=\dimen290
\TX@target=\dimen291
\TX@delta=\dimen292
\TX@cols=\count356
\TX@ftn=\toks48
) (c:/Users/isaldiviagonzatti/AppData/Roaming/TinyTeX/texmf-dist/tex/latex/ltablex/ltablex.sty
Package: ltablex 2014/08/13 v1.1 Modified tabularx
)) (c:/Users/isaldiviagonzatti/AppData/Roaming/TinyTeX/texmf-dist/tex/latex/graphics/rotating.sty
Package: rotating 2016/08/11 v2.16d rotated objects in LaTeX
\c@r@tfl@t=\count357
\rotFPtop=\skip95
\rotFPbot=\skip96
\rot@float@box=\box73
\rot@mess@toks=\toks49
) (c:/Users/isaldiviagonzatti/AppData/Roaming/TinyTeX/texmf-dist/tex/latex/colortbl/colortbl.sty
Package: colortbl 2022/06/20 v1.0f Color table columns (DPC)
\everycr=\toks50
\minrowclearance=\skip97
\rownum=\count358
) (c:/Users/isaldiviagonzatti/AppData/Roaming/TinyTeX/texmf-dist/tex/latex/tocloft/tocloft.sty
Package: tocloft 2017/08/31 v2.3i parameterised ToC, etc., typesetting
Package tocloft Info: The document has chapter divisions on input line 51.
\cftparskip=\skip98
\cftbeforetoctitleskip=\skip99
\cftaftertoctitleskip=\skip100
\cftbeforepartskip=\skip101
\cftpartnumwidth=\skip102
\cftpartindent=\skip103
\cftbeforechapskip=\skip104
\cftchapindent=\skip105
\cftchapnumwidth=\skip106
\cftbeforesecskip=\skip107
\cftsecindent=\skip108
\cftsecnumwidth=\skip109
\cftbeforesubsecskip=\skip110
\cftsubsecindent=\skip111
\cftsubsecnumwidth=\skip112
\cftbeforesubsubsecskip=\skip113
\cftsubsubsecindent=\skip114
\cftsubsubsecnumwidth=\skip115
\cftbeforeparaskip=\skip116
\cftparaindent=\skip117
\cftparanumwidth=\skip118
\cftbeforesubparaskip=\skip119
\cftsubparaindent=\skip120
\cftsubparanumwidth=\skip121
\cftbeforeloftitleskip=\skip122
\cftafterloftitleskip=\skip123
\cftbeforefigskip=\skip124
\cftfigindent=\skip125
\cftfignumwidth=\skip126
\c@lofdepth=\count359
\c@lotdepth=\count360
\cftbeforelottitleskip=\skip127
\cftafterlottitleskip=\skip128
\cftbeforetabskip=\skip129
\cfttabindent=\skip130
\cfttabnumwidth=\skip131
) (c:/Users/isaldiviagonzatti/AppData/Roaming/TinyTeX/texmf-dist/tex/latex/parskip/parskip.sty
Package: parskip 2021-03-14 v2.0h non-zero parskip adjustments
) (c:/Users/isaldiviagonzatti/AppData/Roaming/TinyTeX/texmf-dist/tex/latex/pgf/frontendlayer/tikz.sty (c:/Users/isaldiviagonzatti/AppData/Roaming/TinyTeX/texmf-dist/tex/latex/pgf/basiclayer/pgf.sty
Package: pgf 2023-01-15 v3.1.10 (3.1.10)
 (c:/Users/isaldiviagonzatti/AppData/Roaming/TinyTeX/texmf-dist/tex/latex/pgf/basiclayer/pgfcore.sty (c:/Users/isaldiviagonzatti/AppData/Roaming/TinyTeX/texmf-dist/tex/generic/pgf/basiclayer/pgfcore.code.tex
Package: pgfcore 2023-01-15 v3.1.10 (3.1.10)
 (c:/Users/isaldiviagonzatti/AppData/Roaming/TinyTeX/texmf-dist/tex/generic/pgf/math/pgfmath.code.tex (c:/Users/isaldiviagonzatti/AppData/Roaming/TinyTeX/texmf-dist/tex/generic/pgf/math/pgfmathutil.code.tex) (c:/Users/isaldiviagonzatti/AppData/Roaming/TinyTeX/texmf-dist/tex/generic/pgf/math/pgfmathparser.code.tex
\pgfmath@dimen=\dimen293
\pgfmath@count=\count361
\pgfmath@box=\box74
\pgfmath@toks=\toks51
\pgfmath@stack@operand=\toks52
\pgfmath@stack@operation=\toks53
) (c:/Users/isaldiviagonzatti/AppData/Roaming/TinyTeX/texmf-dist/tex/generic/pgf/math/pgfmathfunctions.code.tex) (c:/Users/isaldiviagonzatti/AppData/Roaming/TinyTeX/texmf-dist/tex/generic/pgf/math/pgfmathfunctions.basic.code.tex) (c:/Users/isaldiviagonzatti/AppData/Roaming/TinyTeX/texmf-dist/tex/generic/pgf/math/pgfmathfunctions.trigonometric.code.tex) (c:/Users/isaldiviagonzatti/AppData/Roaming/TinyTeX/texmf-dist/tex/generic/pgf/math/pgfmathfunctions.random.code.tex) (c:/Users/isaldiviagonzatti/AppData/Roaming/TinyTeX/texmf-dist/tex/generic/pgf/math/pgfmathfunctions.comparison.code.tex) (c:/Users/isaldiviagonzatti/AppData/Roaming/TinyTeX/texmf-dist/tex/generic/pgf/math/pgfmathfunctions.base.code.tex) (c:/Users/isaldiviagonzatti/AppData/Roaming/TinyTeX/texmf-dist/tex/generic/pgf/math/pgfmathfunctions.round.code.tex) (c:/Users/isaldiviagonzatti/AppData/Roaming/TinyTeX/texmf-dist/tex/generic/pgf/math/pgfmathfunctions.misc.code.tex) (c:/Users/isaldiviagonzatti/AppData/Roaming/TinyTeX/texmf-dist/tex/generic/pgf/math/pgfmathfunctions.integerarithmetics.code.tex) (c:/Users/isaldiviagonzatti/AppData/Roaming/TinyTeX/texmf-dist/tex/generic/pgf/math/pgfmathcalc.code.tex) (c:/Users/isaldiviagonzatti/AppData/Roaming/TinyTeX/texmf-dist/tex/generic/pgf/math/pgfmathfloat.code.tex
\c@pgfmathroundto@lastzeros=\count362
)) (c:/Users/isaldiviagonzatti/AppData/Roaming/TinyTeX/texmf-dist/tex/generic/pgf/math/pgfint.code.tex) (c:/Users/isaldiviagonzatti/AppData/Roaming/TinyTeX/texmf-dist/tex/generic/pgf/basiclayer/pgfcorepoints.code.tex
File: pgfcorepoints.code.tex 2023-01-15 v3.1.10 (3.1.10)
\pgf@picminx=\dimen294
\pgf@picmaxx=\dimen295
\pgf@picminy=\dimen296
\pgf@picmaxy=\dimen297
\pgf@pathminx=\dimen298
\pgf@pathmaxx=\dimen299
\pgf@pathminy=\dimen300
\pgf@pathmaxy=\dimen301
\pgf@xx=\dimen302
\pgf@xy=\dimen303
\pgf@yx=\dimen304
\pgf@yy=\dimen305
\pgf@zx=\dimen306
\pgf@zy=\dimen307
) (c:/Users/isaldiviagonzatti/AppData/Roaming/TinyTeX/texmf-dist/tex/generic/pgf/basiclayer/pgfcorepathconstruct.code.tex
File: pgfcorepathconstruct.code.tex 2023-01-15 v3.1.10 (3.1.10)
\pgf@path@lastx=\dimen308
\pgf@path@lasty=\dimen309
) (c:/Users/isaldiviagonzatti/AppData/Roaming/TinyTeX/texmf-dist/tex/generic/pgf/basiclayer/pgfcorepathusage.code.tex
File: pgfcorepathusage.code.tex 2023-01-15 v3.1.10 (3.1.10)
\pgf@shorten@end@additional=\dimen310
\pgf@shorten@start@additional=\dimen311
) (c:/Users/isaldiviagonzatti/AppData/Roaming/TinyTeX/texmf-dist/tex/generic/pgf/basiclayer/pgfcorescopes.code.tex
File: pgfcorescopes.code.tex 2023-01-15 v3.1.10 (3.1.10)
\pgfpic=\box75
\pgf@hbox=\box76
\pgf@layerbox@main=\box77
\pgf@picture@serial@count=\count363
) (c:/Users/isaldiviagonzatti/AppData/Roaming/TinyTeX/texmf-dist/tex/generic/pgf/basiclayer/pgfcoregraphicstate.code.tex
File: pgfcoregraphicstate.code.tex 2023-01-15 v3.1.10 (3.1.10)
\pgflinewidth=\dimen312
) (c:/Users/isaldiviagonzatti/AppData/Roaming/TinyTeX/texmf-dist/tex/generic/pgf/basiclayer/pgfcoretransformations.code.tex
File: pgfcoretransformations.code.tex 2023-01-15 v3.1.10 (3.1.10)
\pgf@pt@x=\dimen313
\pgf@pt@y=\dimen314
\pgf@pt@temp=\dimen315
) (c:/Users/isaldiviagonzatti/AppData/Roaming/TinyTeX/texmf-dist/tex/generic/pgf/basiclayer/pgfcorequick.code.tex
File: pgfcorequick.code.tex 2023-01-15 v3.1.10 (3.1.10)
) (c:/Users/isaldiviagonzatti/AppData/Roaming/TinyTeX/texmf-dist/tex/generic/pgf/basiclayer/pgfcoreobjects.code.tex
File: pgfcoreobjects.code.tex 2023-01-15 v3.1.10 (3.1.10)
) (c:/Users/isaldiviagonzatti/AppData/Roaming/TinyTeX/texmf-dist/tex/generic/pgf/basiclayer/pgfcorepathprocessing.code.tex
File: pgfcorepathprocessing.code.tex 2023-01-15 v3.1.10 (3.1.10)
) (c:/Users/isaldiviagonzatti/AppData/Roaming/TinyTeX/texmf-dist/tex/generic/pgf/basiclayer/pgfcorearrows.code.tex
File: pgfcorearrows.code.tex 2023-01-15 v3.1.10 (3.1.10)
\pgfarrowsep=\dimen316
) (c:/Users/isaldiviagonzatti/AppData/Roaming/TinyTeX/texmf-dist/tex/generic/pgf/basiclayer/pgfcoreshade.code.tex
File: pgfcoreshade.code.tex 2023-01-15 v3.1.10 (3.1.10)
\pgf@max=\dimen317
\pgf@sys@shading@range@num=\count364
\pgf@shadingcount=\count365
) (c:/Users/isaldiviagonzatti/AppData/Roaming/TinyTeX/texmf-dist/tex/generic/pgf/basiclayer/pgfcoreimage.code.tex
File: pgfcoreimage.code.tex 2023-01-15 v3.1.10 (3.1.10)
) (c:/Users/isaldiviagonzatti/AppData/Roaming/TinyTeX/texmf-dist/tex/generic/pgf/basiclayer/pgfcoreexternal.code.tex
File: pgfcoreexternal.code.tex 2023-01-15 v3.1.10 (3.1.10)
\pgfexternal@startupbox=\box78
) (c:/Users/isaldiviagonzatti/AppData/Roaming/TinyTeX/texmf-dist/tex/generic/pgf/basiclayer/pgfcorelayers.code.tex
File: pgfcorelayers.code.tex 2023-01-15 v3.1.10 (3.1.10)
) (c:/Users/isaldiviagonzatti/AppData/Roaming/TinyTeX/texmf-dist/tex/generic/pgf/basiclayer/pgfcoretransparency.code.tex
File: pgfcoretransparency.code.tex 2023-01-15 v3.1.10 (3.1.10)
) (c:/Users/isaldiviagonzatti/AppData/Roaming/TinyTeX/texmf-dist/tex/generic/pgf/basiclayer/pgfcorepatterns.code.tex
File: pgfcorepatterns.code.tex 2023-01-15 v3.1.10 (3.1.10)
) (c:/Users/isaldiviagonzatti/AppData/Roaming/TinyTeX/texmf-dist/tex/generic/pgf/basiclayer/pgfcorerdf.code.tex
File: pgfcorerdf.code.tex 2023-01-15 v3.1.10 (3.1.10)
))) (c:/Users/isaldiviagonzatti/AppData/Roaming/TinyTeX/texmf-dist/tex/generic/pgf/modules/pgfmoduleshapes.code.tex
File: pgfmoduleshapes.code.tex 2023-01-15 v3.1.10 (3.1.10)
\pgfnodeparttextbox=\box79
) (c:/Users/isaldiviagonzatti/AppData/Roaming/TinyTeX/texmf-dist/tex/generic/pgf/modules/pgfmoduleplot.code.tex
File: pgfmoduleplot.code.tex 2023-01-15 v3.1.10 (3.1.10)
) (c:/Users/isaldiviagonzatti/AppData/Roaming/TinyTeX/texmf-dist/tex/latex/pgf/compatibility/pgfcomp-version-0-65.sty
Package: pgfcomp-version-0-65 2023-01-15 v3.1.10 (3.1.10)
\pgf@nodesepstart=\dimen318
\pgf@nodesepend=\dimen319
) (c:/Users/isaldiviagonzatti/AppData/Roaming/TinyTeX/texmf-dist/tex/latex/pgf/compatibility/pgfcomp-version-1-18.sty
Package: pgfcomp-version-1-18 2023-01-15 v3.1.10 (3.1.10)
)) (c:/Users/isaldiviagonzatti/AppData/Roaming/TinyTeX/texmf-dist/tex/latex/pgf/utilities/pgffor.sty (c:/Users/isaldiviagonzatti/AppData/Roaming/TinyTeX/texmf-dist/tex/latex/pgf/utilities/pgfkeys.sty (c:/Users/isaldiviagonzatti/AppData/Roaming/TinyTeX/texmf-dist/tex/generic/pgf/utilities/pgfkeys.code.tex)) (c:/Users/isaldiviagonzatti/AppData/Roaming/TinyTeX/texmf-dist/tex/latex/pgf/math/pgfmath.sty (c:/Users/isaldiviagonzatti/AppData/Roaming/TinyTeX/texmf-dist/tex/generic/pgf/math/pgfmath.code.tex)) (c:/Users/isaldiviagonzatti/AppData/Roaming/TinyTeX/texmf-dist/tex/generic/pgf/utilities/pgffor.code.tex
Package: pgffor 2023-01-15 v3.1.10 (3.1.10)
\pgffor@iter=\dimen320
\pgffor@skip=\dimen321
\pgffor@stack=\toks54
\pgffor@toks=\toks55
)) (c:/Users/isaldiviagonzatti/AppData/Roaming/TinyTeX/texmf-dist/tex/generic/pgf/frontendlayer/tikz/tikz.code.tex
Package: tikz 2023-01-15 v3.1.10 (3.1.10)
 (c:/Users/isaldiviagonzatti/AppData/Roaming/TinyTeX/texmf-dist/tex/generic/pgf/libraries/pgflibraryplothandlers.code.tex
File: pgflibraryplothandlers.code.tex 2023-01-15 v3.1.10 (3.1.10)
\pgf@plot@mark@count=\count366
\pgfplotmarksize=\dimen322
)
\tikz@lastx=\dimen323
\tikz@lasty=\dimen324
\tikz@lastxsaved=\dimen325
\tikz@lastysaved=\dimen326
\tikz@lastmovetox=\dimen327
\tikz@lastmovetoy=\dimen328
\tikzleveldistance=\dimen329
\tikzsiblingdistance=\dimen330
\tikz@figbox=\box80
\tikz@figbox@bg=\box81
\tikz@tempbox=\box82
\tikz@tempbox@bg=\box83
\tikztreelevel=\count367
\tikznumberofchildren=\count368
\tikznumberofcurrentchild=\count369
\tikz@fig@count=\count370
 (c:/Users/isaldiviagonzatti/AppData/Roaming/TinyTeX/texmf-dist/tex/generic/pgf/modules/pgfmodulematrix.code.tex
File: pgfmodulematrix.code.tex 2023-01-15 v3.1.10 (3.1.10)
\pgfmatrixcurrentrow=\count371
\pgfmatrixcurrentcolumn=\count372
\pgf@matrix@numberofcolumns=\count373
)
\tikz@expandcount=\count374
 (c:/Users/isaldiviagonzatti/AppData/Roaming/TinyTeX/texmf-dist/tex/generic/pgf/frontendlayer/tikz/libraries/tikzlibrarytopaths.code.tex
File: tikzlibrarytopaths.code.tex 2023-01-15 v3.1.10 (3.1.10)
))) (c:/Users/isaldiviagonzatti/AppData/Roaming/TinyTeX/texmf-dist/tex/generic/pgf/frontendlayer/tikz/libraries/tikzlibraryshapes.geometric.code.tex
File: tikzlibraryshapes.geometric.code.tex 2023-01-15 v3.1.10 (3.1.10)

(c:/Users/isaldiviagonzatti/AppData/Roaming/TinyTeX/texmf-dist/tex/generic/pgf/libraries/shapes/pgflibraryshapes.geometric.code.tex
File: pgflibraryshapes.geometric.code.tex 2023-01-15 v3.1.10 (3.1.10)
)) (c:/Users/isaldiviagonzatti/AppData/Roaming/TinyTeX/texmf-dist/tex/generic/pgf/frontendlayer/tikz/libraries/tikzlibraryarrows.code.tex
File: tikzlibraryarrows.code.tex 2023-01-15 v3.1.10 (3.1.10)
 (c:/Users/isaldiviagonzatti/AppData/Roaming/TinyTeX/texmf-dist/tex/generic/pgf/libraries/pgflibraryarrows.code.tex
File: pgflibraryarrows.code.tex 2023-01-15 v3.1.10 (3.1.10)
\arrowsize=\dimen331
)) (c:/Users/isaldiviagonzatti/AppData/Roaming/TinyTeX/texmf-dist/tex/generic/pgf/frontendlayer/tikz/libraries/tikzlibraryshapes.misc.code.tex
File: tikzlibraryshapes.misc.code.tex 2023-01-15 v3.1.10 (3.1.10)
 (c:/Users/isaldiviagonzatti/AppData/Roaming/TinyTeX/texmf-dist/tex/generic/pgf/libraries/shapes/pgflibraryshapes.misc.code.tex
File: pgflibraryshapes.misc.code.tex 2023-01-15 v3.1.10 (3.1.10)
)) (c:/Users/isaldiviagonzatti/AppData/Roaming/TinyTeX/texmf-dist/tex/latex/glossaries/base/glossaries.sty
Package: glossaries 2022/11/03 v4.52 (NLCT)
 (c:/Users/isaldiviagonzatti/AppData/Roaming/TinyTeX/texmf-dist/tex/latex/mfirstuc/mfirstuc.sty
Package: mfirstuc 2022/10/14 v2.08 (NLCT)
\@glsmfirst=\toks56
\@glsmrest=\toks57
) (c:/Users/isaldiviagonzatti/AppData/Roaming/TinyTeX/texmf-dist/tex/latex/xfor/xfor.sty
Package: xfor 2009/02/05 v1.05 (NLCT)
) (c:/Users/isaldiviagonzatti/AppData/Roaming/TinyTeX/texmf-dist/tex/latex/datatool/datatool-base.sty
Package: datatool-base 2019/09/27 v2.32 (NLCT)
 (c:/Users/isaldiviagonzatti/AppData/Roaming/TinyTeX/texmf-dist/tex/latex/substr/substr.sty
Package: substr 2009/10/20 v1.2 Handle substrings
\c@su@anzahl=\count375
) (c:/Users/isaldiviagonzatti/AppData/Roaming/TinyTeX/texmf-dist/tex/latex/datatool/datatool-fp.sty
Package: datatool-fp 2019/09/27 v2.32 (NLCT)
 (c:/Users/isaldiviagonzatti/AppData/Roaming/TinyTeX/texmf-dist/tex/latex/fp/fp.sty
Package: fp 1995/04/02
 `Fixed Point Package', Version 0.8, April 2, 1995 (C) Michael Mehlich (c:/Users/isaldiviagonzatti/AppData/Roaming/TinyTeX/texmf-dist/tex/latex/fp/defpattern.sty
Package: defpattern 1994/10/12
\actioncount=\count376
) (c:/Users/isaldiviagonzatti/AppData/Roaming/TinyTeX/texmf-dist/tex/latex/fp/fp-basic.sty
Package: fp-basic 1996/05/13
\FP@xs=\count377
\FP@xia=\count378
\FP@xib=\count379
\FP@xfa=\count380
\FP@xfb=\count381
\FP@rega=\count382
\FP@regb=\count383
\FP@regs=\count384
\FP@times=\count385
) (c:/Users/isaldiviagonzatti/AppData/Roaming/TinyTeX/texmf-dist/tex/latex/fp/fp-addons.sty
Package: fp-addons 1995/03/15
) (c:/Users/isaldiviagonzatti/AppData/Roaming/TinyTeX/texmf-dist/tex/latex/fp/fp-snap.sty
Package: fp-snap 1995/04/05
) (c:/Users/isaldiviagonzatti/AppData/Roaming/TinyTeX/texmf-dist/tex/latex/fp/fp-exp.sty
Package: fp-exp 1995/04/03
) (c:/Users/isaldiviagonzatti/AppData/Roaming/TinyTeX/texmf-dist/tex/latex/fp/fp-trigo.sty
Package: fp-trigo 1995/04/14
) (c:/Users/isaldiviagonzatti/AppData/Roaming/TinyTeX/texmf-dist/tex/latex/fp/fp-pas.sty
Package: fp-pas 1994/08/29
) (c:/Users/isaldiviagonzatti/AppData/Roaming/TinyTeX/texmf-dist/tex/latex/fp/fp-random.sty
Package: fp-random 1995/02/23
\FPseed=\count386
) (c:/Users/isaldiviagonzatti/AppData/Roaming/TinyTeX/texmf-dist/tex/latex/fp/fp-eqn.sty
Package: fp-eqn 1995/04/03
) (c:/Users/isaldiviagonzatti/AppData/Roaming/TinyTeX/texmf-dist/tex/latex/fp/fp-upn.sty
Package: fp-upn 1996/10/21
) (c:/Users/isaldiviagonzatti/AppData/Roaming/TinyTeX/texmf-dist/tex/latex/fp/fp-eval.sty
Package: fp-eval 1995/04/03
)))
\@dtl@toks=\toks58
\@dtl@tmpcount=\count387
\dtl@tmplength=\skip132
\dtl@sortresult=\count388
\@dtl@numgrpsepcount=\count389
\@dtl@datatype=\count390
\dtl@codeA=\count391
\dtl@codeB=\count392
\@dtl@foreach@level=\count393
)
\gls@level=\count394
\@gls@tmpb=\toks59
\gls@tmplen=\skip133
\glskeylisttok=\toks60
\glslabeltok=\toks61
\glsshorttok=\toks62
\glslongtok=\toks63
 (c:/Users/isaldiviagonzatti/AppData/Roaming/TinyTeX/texmf-dist/tex/latex/glossaries/styles/glossary-hypernav.sty
Package: glossary-hypernav 2022/11/03 v4.52 (NLCT)
) (c:/Users/isaldiviagonzatti/AppData/Roaming/TinyTeX/texmf-dist/tex/latex/glossaries/styles/glossary-list.sty
Package: glossary-list 2022/11/03 v4.52 (NLCT)
\glslistdottedwidth=\skip134
) (c:/Users/isaldiviagonzatti/AppData/Roaming/TinyTeX/texmf-dist/tex/latex/glossaries/styles/glossary-long.sty
Package: glossary-long 2022/11/03 v4.52 (NLCT)
\glsdescwidth=\skip135
\glspagelistwidth=\skip136
) (c:/Users/isaldiviagonzatti/AppData/Roaming/TinyTeX/texmf-dist/tex/latex/glossaries/styles/glossary-tree.sty
Package: glossary-tree 2022/11/03 v4.52 (NLCT)
\glstreeindent=\skip137
))
\glswrite=\write5
\glo@acronym@file=\write6
\openout6 = `main.acn'.

Package glossaries Info: Writing glossary file main.acn on input line 94.
 (./tex/glossary.tex)
Package csquotes Info: Checking for multilingual support...
Package csquotes Info: ... none found.

No file main.aux.
\openout1 = `main.aux'.

LaTeX Font Info:    Checking defaults for OML/cmm/m/it on input line 98.
LaTeX Font Info:    ... okay on input line 98.
LaTeX Font Info:    Checking defaults for OMS/cmsy/m/n on input line 98.
LaTeX Font Info:    ... okay on input line 98.
LaTeX Font Info:    Checking defaults for OT1/cmr/m/n on input line 98.
LaTeX Font Info:    ... okay on input line 98.
LaTeX Font Info:    Checking defaults for T1/cmr/m/n on input line 98.
LaTeX Font Info:    ... okay on input line 98.
LaTeX Font Info:    Checking defaults for TS1/cmr/m/n on input line 98.
LaTeX Font Info:    ... okay on input line 98.
LaTeX Font Info:    Checking defaults for OMX/cmex/m/n on input line 98.
LaTeX Font Info:    ... okay on input line 98.
LaTeX Font Info:    Checking defaults for U/cmr/m/n on input line 98.
LaTeX Font Info:    ... okay on input line 98.
LaTeX Font Info:    Checking defaults for PD1/pdf/m/n on input line 98.
LaTeX Font Info:    ... okay on input line 98.
LaTeX Font Info:    Checking defaults for PU/pdf/m/n on input line 98.
LaTeX Font Info:    ... okay on input line 98.
(c:/Users/isaldiviagonzatti/AppData/Roaming/TinyTeX/texmf-dist/tex/latex/epstopdf-pkg/epstopdf-base.sty
Package: epstopdf-base 2020-01-24 v2.11 Base part for package epstopdf
Package epstopdf-base Info: Redefining graphics rule for `.eps' on input line 485.
 (c:/Users/isaldiviagonzatti/AppData/Roaming/TinyTeX/texmf-dist/tex/latex/latexconfig/epstopdf-sys.cfg
File: epstopdf-sys.cfg 2010/07/13 v1.3 Configuration of (r)epstopdf for TeX Live
))
Package hyperref Info: Link coloring OFF on input line 98.
\@outlinefile=\write7
\openout7 = `main.out'.

Package caption Info: Begin \AtBeginDocument code.
Package caption Info: longtable package is loaded.
 (c:/Users/isaldiviagonzatti/AppData/Roaming/TinyTeX/texmf-dist/tex/latex/caption/ltcaption.sty
Package: ltcaption 2021/01/08 v1.4c longtable captions (AR)
)
Package caption Info: rotating package is loaded.
Package caption Info: threeparttable package is loaded.
Package caption Info: End \AtBeginDocument code.

*geometry* driver: auto-detecting
*geometry* detected driver: pdftex
*geometry* verbose mode - [ preamble ] result:
* driver: pdftex
* paper: a4paper
* layout: <same size as paper>
* layoutoffset:(h,v)=(0.0pt,0.0pt)
* modes: 
* h-part:(L,W,R)=(56.9055pt, 483.69687pt, 56.9055pt)
* v-part:(T,H,B)=(56.9055pt, 674.33032pt, 113.81102pt)
* \paperwidth=597.50787pt
* \paperheight=845.04684pt
* \textwidth=483.69687pt
* \textheight=674.33032pt
* \oddsidemargin=-15.36449pt
* \evensidemargin=-15.36449pt
* \topmargin=-15.36449pt
* \headheight=0.0pt
* \headsep=0.0pt
* \topskip=12.0pt
* \footskip=30.0pt
* \marginparwidth=35.0pt
* \marginparsep=10.0pt
* \columnsep=10.0pt
* \skip\footins=10.8pt plus 4.0pt minus 2.0pt
* \hoffset=0.0pt
* \voffset=0.0pt
* \mag=1000
* \@twocolumnfalse
* \@twosidefalse
* \@mparswitchfalse
* \@reversemarginfalse
* (1in=72.27pt=25.4mm, 1cm=28.453pt)


Package chemgreek Info: Activating mapping `default' on line 98.

\c@rom=\count395
(./tex/1_Title.tex

LaTeX Font Warning: Font shape `OT1/cmr/bx/sc' undefined
(Font)              using `OT1/cmr/bx/n' instead on input line 7.

[1

\openout5 = `main.ist'.

{c:/Users/isaldiviagonzatti/AppData/Roaming/TinyTeX/texmf-var/fonts/map/pdftex/updmap/pdftex.map}])
LaTeX Font Info:    Trying to load font information for U+msa on input line 104.
 (c:/Users/isaldiviagonzatti/AppData/Roaming/TinyTeX/texmf-dist/tex/latex/amsfonts/umsa.fd
File: umsa.fd 2013/01/14 v3.01 AMS symbols A
)
LaTeX Font Info:    Trying to load font information for U+msb on input line 104.
 (c:/Users/isaldiviagonzatti/AppData/Roaming/TinyTeX/texmf-dist/tex/latex/amsfonts/umsb.fd
File: umsb.fd 2013/01/14 v3.01 AMS symbols B
) (./tex/2_Acknowledgement.tex [2]) [3

]
No file main.toc.
\tf@toc=\write8
\openout8 = `main.toc'.

[4


]
No file main.lof.
\tf@lof=\write9
\openout9 = `main.lof'.

[5


]
No file main.lot.
\tf@lot=\write10
\openout10 = `main.lot'.

No file main.acr.
[6


] [7] (./tex/3_Introduction.tex
 1.

Package natbib Warning: Citation `o2013pineapple' on page 1 undefined on input line 17.


Package natbib Warning: Citation `fruit2020international' on page 1 undefined on input line 19.


Package natbib Warning: Citation `FAOSTAT2022' on page 1 undefined on input line 19.


Package natbib Warning: Citation `chen2020production' on page 1 undefined on input line 21.


Package natbib Warning: Citation `employmentCR' on page 1 undefined on input line 21.


Package natbib Warning: Citation `cenagro2014' on page 1 undefined on input line 21.


Package natbib Warning: Citation `o2013pineapple' on page 1 undefined on input line 23.

[1


]

Package natbib Warning: Citation `rodriguez2020agricultural' on page 2 undefined on input line 25.


Package natbib Warning: Citation `salaheen2019organic' on page 2 undefined on input line 25.


Package natbib Warning: Citation `alpizar2016analisis' on page 2 undefined on input line 25.


Package natbib Warning: Citation `elbersen2019costa' on page 2 undefined on input line 25.


Package natbib Warning: Citation `asim2015review' on page 2 undefined on input line 25.


Package natbib Warning: Citation `hernandez2018impact' on page 2 undefined on input line 29.


Package natbib Warning: Citation `cesarino2020fabrication' on page 2 undefined on input line 29.


Package natbib Warning: Citation `netz2007climate' on page 2 undefined on input line 29.


Package natbib Warning: Citation `rodriguez2020agricultural' on page 2 undefined on input line 29.


Package natbib Warning: Citation `IPCC_2022_WGIII_SPM' on page 2 undefined on input line 31.


Package natbib Warning: Citation `collins1949history' on page 2 undefined on input line 33.


Package natbib Warning: Citation `o2013pineapple' on page 2 undefined on input line 33.

[2] [3]

LaTeX Warning: Reference `neweconomy' on page 1 undefined on input line 80.


LaTeX Warning: Reference `chapter_3lab' on page 1 undefined on input line 82.

[4]

LaTeX Warning: Reference `FLPchapt4' on page 1 undefined on input line 84.


LaTeX Warning: Reference `concludeGen' on page 1 undefined on input line 86.

) [5] (./tex/4_Chapter2.tex
 2.
Excluding 'comment' comment. [6


] [7]) [8] (./tex/5_Chapter3.tex
 3.

Package natbib Warning: Citation `quesada2003utilizacion' on page 9 undefined on input line 4.


Package natbib Warning: Citation `gottinger2020studying' on page 9 undefined on input line 11.


Package natbib Warning: Citation `blomsma2022making' on page 9 undefined on input line 11.


Underfull \hbox (badness 10000) in paragraph at lines 13--14

 []

[9


]

Package natbib Warning: Citation `kalmykova2018circular' on page 10 undefined on input line 15.


Package natbib Warning: Citation `kalmykova2018circular' on page 10 undefined on input line 17.


Package natbib Warning: Citation `carus2018circular' on page 10 undefined on input line 19.


Package natbib Warning: Citation `carus2018circular' on page 10 undefined on input line 21.


Package natbib Warning: Citation `tan2021circular' on page 10 undefined on input line 21.

[10]

Package natbib Warning: Citation `velasco2021circular' on page 11 undefined on input line 23.


Underfull \hbox (badness 10000) in paragraph at lines 26--27

 []


Package natbib Warning: Citation `gottinger2020studying' on page 11 undefined on input line 28.


Package natbib Warning: Citation `markard2008technological' on page 11 undefined on input line 28.


Package natbib Warning: Citation `giurca2017forest' on page 11 undefined on input line 31.

[11]

Package natbib Warning: Citation `gottinger2020studying' on page 12 undefined on input line 35.


Underfull \hbox (badness 10000) in paragraph at lines 40--41

 []


Package natbib Warning: Citation `blomsma2022making' on page 12 undefined on input line 42.


Package natbib Warning: Citation `blomsma2022making' on page 12 undefined on input line 44.


Package natbib Warning: Citation `kalmykova2018circular' on page 12 undefined on input line 44.


Package natbib Warning: Citation `blomsma2022making' on page 12 undefined on input line 44.

[12]

Package natbib Warning: Citation `brown2019companies' on page 13 undefined on input line 46.


Package natbib Warning: Citation `brown2019companies' on page 13 undefined on input line 49.

[13]

Package natbib Warning: Citation `brown2019companies' on page 14 undefined on input line 51.


Package natbib Warning: Citation `antikainen2016framework' on page 14 undefined on input line 51.

Excluding 'comment' comment.

Package natbib Warning: Citation `kosko1986fuzzy' on page 14 undefined on input line 92.


Package natbib Warning: Citation `kosko1986fuzzy' on page 14 undefined on input line 94.


LaTeX Warning: Reference `example_fcm' on page 1 undefined on input line 94.


Package natbib Warning: Citation `barbrook2022systems' on page 14 undefined on input line 94.

[14]

Package svg Warning: You didn't enable `shell escape' (or `write18')
(svg)                so it wasn't possible to launch the Inkscape export
(svg)                for `fig/fuzzyExample.svg' on input line 100.


./tex/5_Chapter3.tex:100: Package svg Error: File `fuzzyExample_svg-raw.pdf' is missing.

See the svg package documentation for explanation.
Type  H <return>  for immediate help.
 ...                                              
                                                  
l.100 ...elatex=false,width=8cm]{fig/fuzzyExample}
                                                  
Did you run the export with Inkscape? There's no file
`./svg-inkscape/fuzzyExample_svg-raw.pdf'
although `fig/fuzzyExample.svg' was found.


Package natbib Warning: Citation `ozesmi2004ecological' on page 15 undefined on input line 105.


Package natbib Warning: Citation `kontogianni2012you' on page 15 undefined on input line 107.


Package natbib Warning: Citation `singh2014livelihood' on page 15 undefined on input line 107.


Package natbib Warning: Citation `reckien2014weather' on page 15 undefined on input line 107.


Package natbib Warning: Citation `kok2009potential' on page 15 undefined on input line 107.


Package natbib Warning: Citation `devisscher2016anticipating' on page 15 undefined on input line 107.


Package natbib Warning: Citation `eriksson2022using' on page 15 undefined on input line 107.


Package natbib Warning: Citation `anezakis2016fuzzy' on page 15 undefined on input line 107.


Package natbib Warning: Citation `salberg2022assessing' on page 15 undefined on input line 107.


Package natbib Warning: Citation `ozesmi2003participatory' on page 15 undefined on input line 107.


Package natbib Warning: Citation `jetter2011building' on page 15 undefined on input line 107.


Package natbib Warning: Citation `alipour2019characteristics' on page 15 undefined on input line 107.


Package natbib Warning: Citation `kyriakarakos2014fuzzy' on page 15 undefined on input line 107.


Package natbib Warning: Citation `assunccao2020rethinking' on page 15 undefined on input line 107.


Package natbib Warning: Citation `olazabal2016use' on page 15 undefined on input line 107.


Package natbib Warning: Citation `giordano2005fuzzy' on page 15 undefined on input line 107.


Package natbib Warning: Citation `kafetzis2010using' on page 15 undefined on input line 107.


Package natbib Warning: Citation `falcone2020use' on page 15 undefined on input line 107.


Package natbib Warning: Citation `morone2021using' on page 15 undefined on input line 107.


Package natbib Warning: Citation `kokkinos2018fuzzy' on page 15 undefined on input line 107.


Package natbib Warning: Citation `konti2018exploring' on page 15 undefined on input line 107.


Package natbib Warning: Citation `edwards2021building' on page 15 undefined on input line 109.


LaTeX Warning: Reference `stepsFCM' on page 1 undefined on input line 109.

[15]

Package natbib Warning: Citation `edwards2021building' on page 16 undefined on input line 131.


Package natbib Warning: Citation `edwards2021building' on page 16 undefined on input line 138.


Package natbib Warning: Citation `barbrook2022systems' on page 16 undefined on input line 138.


LaTeX Warning: Reference `interviewOutline' on page 1 undefined on input line 138.


Package natbib Warning: Citation `ozesmi2004ecological' on page 16 undefined on input line 142.


LaTeX Warning: Reference `accumFCM' on page 1 undefined on input line 142.


Package natbib Warning: Citation `morone2021using' on page 16 undefined on input line 142.


Package natbib Warning: Citation `ozesmi2004ecological' on page 16 undefined on input line 142.

[16]
<fig/numVars.jpg, id=142, 591.71063pt x 371.3875pt>
File: fig/numVars.jpg Graphic file (type jpg)
<use fig/numVars.jpg>
Package pdftex.def Info: fig/numVars.jpg  used on input line 148.
(pdftex.def)             Requested size: 217.66211pt x 136.61218pt.
<fig/newVars.jpg, id=143, 615.80063pt x 337.76187pt>
File: fig/newVars.jpg Graphic file (type jpg)
<use fig/newVars.jpg>
Package pdftex.def Info: fig/newVars.jpg  used on input line 155.
(pdftex.def)             Requested size: 217.66211pt x 119.38318pt.


Package natbib Warning: Citation `ozesmi2004ecological' on page 17 undefined on input line 160.


Package natbib Warning: Citation `ozesmi2004ecological' on page 17 undefined on input line 160.


Package natbib Warning: Citation `edwards2021building' on page 17 undefined on input line 167.

[17 <./fig/numVars.jpg> <./fig/newVars.jpg>]

LaTeX Warning: Reference `process_fcm' on page 1 undefined on input line 173.

[18]

LaTeX Warning: Reference `process_fcm' on page 1 undefined on input line 179.



pdfTeX warning: pdflatex.exe (file ./fig/processFCM.pdf): PDF inclusion: found PDF version <1.7>, but at most version <1.5> allowed
<fig/processFCM.pdf, id=158, 853.50871pt x 682.95152pt>
File: fig/processFCM.pdf Graphic file (type pdf)
<use fig/processFCM.pdf>
Package pdftex.def Info: fig/processFCM.pdf  used on input line 185.
(pdftex.def)             Requested size: 483.69687pt x 387.03548pt.
[19 <./fig/processFCM.pdf>]

Package natbib Warning: Citation `morone2021using' on page 20 undefined on input line 193.


Package natbib Warning: Citation `olazabal2016use' on page 20 undefined on input line 193.


Package natbib Warning: Citation `mkhitaryan2022fcmpy' on page 20 undefined on input line 197.


LaTeX Warning: Reference `suplmaterial' on page 1 undefined on input line 197.


Package natbib Warning: Citation `jetter2014fuzzy' on page 20 undefined on input line 197.


Package natbib Warning: Citation `lopolito2020combined' on page 20 undefined on input line 197.


Package natbib Warning: Citation `morone2021using' on page 20 undefined on input line 197.


Package natbib Warning: Citation `morone2019promote' on page 20 undefined on input line 197.


Package natbib Warning: Citation `konti2022determinants' on page 20 undefined on input line 197.


Package natbib Warning: Citation `kokkinos2020circular' on page 20 undefined on input line 197.


Package natbib Warning: Citation `falcone2020use' on page 20 undefined on input line 197.


Package natbib Warning: Citation `nasirzadeh2020modelling' on page 20 undefined on input line 197.


Package natbib Warning: Citation `amini2022combined' on page 20 undefined on input line 197.


Package natbib Warning: Citation `wang2015study' on page 20 undefined on input line 197.

[20]

Package natbib Warning: Citation `mkhitaryan2022fcmpy' on page 21 undefined on input line 199.


LaTeX Warning: Reference `trapmf' on page 1 undefined on input line 199.


LaTeX Warning: Reference `mamdani' on page 1 undefined on input line 199.


LaTeX Warning: Reference `defuzz' on page 1 undefined on input line 199.


Package svg Warning: You didn't enable `shell escape' (or `write18')
(svg)                so it wasn't possible to launch the Inkscape export
(svg)                for `fig/trapmf.svg' on input line 204.


./tex/5_Chapter3.tex:204: Package svg Error: File `trapmf_svg-tex.pdf' is missing.

See the svg package documentation for explanation.
Type  H <return>  for immediate help.
 ...                                              
                                                  
l.204 ...svg[width=.45\linewidth]{fig/trapmf.svg}}
                                                  \hfill
Did you run the export with Inkscape? There's no file
`./svg-inkscape/trapmf_svg-tex.pdf'
although `fig/trapmf.svg' was found.


./tex/5_Chapter3.tex:204: Package svg Error: File `trapmf_svg-tex.pdf_tex' is missing.

See the svg package documentation for explanation.
Type  H <return>  for immediate help.
 ...                                              
                                                  
l.204 ...svg[width=.45\linewidth]{fig/trapmf.svg}}
                                                  \hfill
Did you run the export with Inkscape? There's no file
`./svg-inkscape/trapmf_svg-tex.pdf_tex'
although `fig/trapmf.svg' was found.


Overfull \hbox (14.53462pt too wide) in paragraph at lines 204--204
[]\OT1/cmr/bx/n/10 (a)
 []


Overfull \hbox (16.41667pt too wide) in paragraph at lines 204--204
|\OT1/cmr/m/n/10 Tri-
 []


Overfull \hbox (13.88892pt too wide) in paragraph at lines 204--204
\OT1/cmr/m/n/10 an-
 []


Overfull \hbox (13.88892pt too wide) in paragraph at lines 204--204
\OT1/cmr/m/n/10 gu-
 []


Overfull \hbox (11.69447pt too wide) in paragraph at lines 204--204
\OT1/cmr/m/n/10 lar
 []


Overfull \hbox (24.44449pt too wide) in paragraph at lines 204--204
\OT1/cmr/m/n/10 mem-
 []


Overfull \hbox (17.5278pt too wide) in paragraph at lines 204--204
\OT1/cmr/m/n/10 ber-
 []


Overfull \hbox (17.83337pt too wide) in paragraph at lines 204--204
\OT1/cmr/m/n/10 ship
 []


Overfull \hbox (21.94449pt too wide) in paragraph at lines 204--204
\OT1/cmr/m/n/10 func-
 []


Overfull \hbox (21.16672pt too wide) in paragraph at lines 204--204
\OT1/cmr/m/n/10 tions[][][][]| 
 []


Package svg Warning: You didn't enable `shell escape' (or `write18')
(svg)                so it wasn't possible to launch the Inkscape export
(svg)                for `fig/mamdani.svg' on input line 205.


./tex/5_Chapter3.tex:205: Package svg Error: File `mamdani_svg-tex.pdf' is missing.

See the svg package documentation for explanation.
Type  H <return>  for immediate help.
 ...                                              
                                                  
l.205 ...vg[width=.45\linewidth]{fig/mamdani.svg}}
                                                  \par
Did you run the export with Inkscape? There's no file
`./svg-inkscape/mamdani_svg-tex.pdf'
although `fig/mamdani.svg' was found.


./tex/5_Chapter3.tex:205: Package svg Error: File `mamdani_svg-tex.pdf_tex' is missing.

See the svg package documentation for explanation.
Type  H <return>  for immediate help.
 ...                                              
                                                  
l.205 ...vg[width=.45\linewidth]{fig/mamdani.svg}}
                                                  \par
Did you run the export with Inkscape? There's no file
`./svg-inkscape/mamdani_svg-tex.pdf_tex'
although `fig/mamdani.svg' was found.


Overfull \hbox (15.33325pt too wide) in paragraph at lines 205--205
[]\OT1/cmr/bx/n/10 (b)
 []


Overfull \hbox (25.41672pt too wide) in paragraph at lines 205--205
|\OT1/cmr/m/n/10 Fuzzy
 []


Overfull \hbox (14.44447pt too wide) in paragraph at lines 205--205
\OT1/cmr/m/n/10 im-
 []


Overfull \hbox (14.44447pt too wide) in paragraph at lines 205--205
\OT1/cmr/m/n/10 pli-
 []


Overfull \hbox (12.77779pt too wide) in paragraph at lines 205--205
\OT1/cmr/m/n/10 ca-
 []


Overfull \hbox (17.22227pt too wide) in paragraph at lines 205--205
\OT1/cmr/m/n/10 tion
 []


Overfull \hbox (20.63892pt too wide) in paragraph at lines 205--205
\OT1/cmr/m/n/10 rules[][][][]| 
 []


Package svg Warning: You didn't enable `shell escape' (or `write18')
(svg)                so it wasn't possible to launch the Inkscape export
(svg)                for `fig/defuzz.svg' on input line 206.


./tex/5_Chapter3.tex:206: Package svg Error: File `defuzz_svg-tex.pdf' is missing.

See the svg package documentation for explanation.
Type  H <return>  for immediate help.
 ...                                              
                                                  
l.206 ...svg[width=.45\linewidth]{fig/defuzz.svg}}
                                                  
Did you run the export with Inkscape? There's no file
`./svg-inkscape/defuzz_svg-tex.pdf'
although `fig/defuzz.svg' was found.


./tex/5_Chapter3.tex:206: Package svg Error: File `defuzz_svg-tex.pdf_tex' is missing.

See the svg package documentation for explanation.
Type  H <return>  for immediate help.
 ...                                              
                                                  
l.206 ...svg[width=.45\linewidth]{fig/defuzz.svg}}
                                                  
Did you run the export with Inkscape? There's no file
`./svg-inkscape/defuzz_svg-tex.pdf_tex'
although `fig/defuzz.svg' was found.


Overfull \hbox (14.05548pt too wide) in paragraph at lines 206--206
[]\OT1/cmr/bx/n/10 (c)
 []


Overfull \hbox (15.41667pt too wide) in paragraph at lines 206--206
|\OT1/cmr/m/n/10 De-
 []


Overfull \hbox (23.61115pt too wide) in paragraph at lines 206--206
\OT1/cmr/m/n/10 fuzzi-
 []


Overfull \hbox (8.8889pt too wide) in paragraph at lines 206--206
\OT1/cmr/m/n/10 fi-
 []


Overfull \hbox (12.77779pt too wide) in paragraph at lines 206--206
\OT1/cmr/m/n/10 ca-
 []


Overfull \hbox (17.22227pt too wide) in paragraph at lines 206--206
\OT1/cmr/m/n/10 tion
 []


Overfull \hbox (8.05559pt too wide) in paragraph at lines 206--206
\OT1/cmr/m/n/10 of
 []


Overfull \hbox (13.88892pt too wide) in paragraph at lines 206--206
\OT1/cmr/m/n/10 the
 []


Overfull \hbox (13.33336pt too wide) in paragraph at lines 206--206
\OT1/cmr/m/n/10 ag-
 []


Overfull \hbox (16.69446pt too wide) in paragraph at lines 206--206
\OT1/cmr/m/n/10 gre-
 []


Overfull \hbox (23.88895pt too wide) in paragraph at lines 206--206
\OT1/cmr/m/n/10 gated
 []


Overfull \hbox (24.44449pt too wide) in paragraph at lines 206--206
\OT1/cmr/m/n/10 mem-
 []


Overfull \hbox (17.5278pt too wide) in paragraph at lines 206--206
\OT1/cmr/m/n/10 ber-
 []


Overfull \hbox (17.83337pt too wide) in paragraph at lines 206--206
\OT1/cmr/m/n/10 ship
 []


Overfull \hbox (21.94449pt too wide) in paragraph at lines 206--206
\OT1/cmr/m/n/10 func-
 []


Overfull \hbox (21.16672pt too wide) in paragraph at lines 206--206
\OT1/cmr/m/n/10 tions[][][][]| 
 []


Package natbib Warning: Citation `mkhitaryan2022fcmpy' on page 21 undefined on input line 207.


Package natbib Warning: Citation `mkhitaryan2022fcmpy' on page 21 undefined on input line 207.


Package natbib Warning: Citation `edwards2021building' on page 21 undefined on input line 213.


Package natbib Warning: Citation `ozesmi2004ecological' on page 21 undefined on input line 213.


Package natbib Warning: Citation `lopolito2020combined' on page 21 undefined on input line 213.

[21] [22]

Package natbib Warning: Citation `ozesmi2004ecological' on page 23 undefined on input line 233.


LaTeX Warning: Reference `equation1' on page 1 undefined on input line 233.


Package natbib Warning: Citation `sujamol2018study' on page 23 undefined on input line 233.


Package natbib Warning: Citation `papageorgiou2011new' on page 23 undefined on input line 233.


Package natbib Warning: Citation `edwards2021building' on page 23 undefined on input line 237.


Package natbib Warning: Citation `diniz2015mapping' on page 23 undefined on input line 237.


LaTeX Warning: Reference `expertsList' on page 1 undefined on input line 245.

[23]
Underfull \hbox (badness 1082) in paragraph at lines 272--272
[]|\OT1/cmr/m/n/12 Works at uni-ver-sity con-duct-ing re-search in
 []


Underfull \hbox (badness 1082) in paragraph at lines 272--272
[]|\OT1/cmr/m/n/12 Works at uni-ver-sity con-duct-ing re-search in
 []


LaTeX Warning: Reference `FCMdiagram' on page 1 undefined on input line 276.


LaTeX Warning: Reference `conceptsList' on page 1 undefined on input line 276.

[24] [25]

pdfTeX warning: pdflatex.exe (file ./fig/diagram.drawio.pdf): PDF inclusion: found PDF version <1.7>, but at most version <1.5> allowed
<fig/diagram.drawio.pdf, id=225, 1563.92276pt x 925.53775pt>
File: fig/diagram.drawio.pdf Graphic file (type pdf)
<use fig/diagram.drawio.pdf>
Package pdftex.def Info: fig/diagram.drawio.pdf  used on input line 285.
(pdftex.def)             Requested size: 654.41338pt x 387.2827pt.
[26

 <./fig/diagram.drawio.pdf>]

Package natbib Warning: Citation `ozesmi2004ecological' on page 27 undefined on input line 302.


Package natbib Warning: Citation `jetter2014fuzzy' on page 27 undefined on input line 302.


LaTeX Warning: Reference `degreeFCM' on page 1 undefined on input line 302.


LaTeX Warning: Reference `FCMdiagram' on page 1 undefined on input line 304.


Package natbib Warning: Citation `morone2021using' on page 27 undefined on input line 304.


LaTeX Warning: Reference `FCMdiagram' on page 1 undefined on input line 304.

[27


] [28]

LaTeX Warning: Reference `outputFCM0' on page 1 undefined on input line 355.


Package natbib Warning: Citation `diniz2015mapping' on page 29 undefined on input line 355.

[29]

Package svg Warning: You didn't enable `shell escape' (or `write18')
(svg)                so it wasn't possible to launch the Inkscape export
(svg)                for `fig/naturalSimulation.svg' on input line 362.


./tex/5_Chapter3.tex:362: Package svg Error: File `naturalSimulation_svg-tex.pdf' is missing.

See the svg package documentation for explanation.
Type  H <return>  for immediate help.
 ...                                              
                                                  
l.362 ...th=\textwidth]{fig/naturalSimulation.svg}
                                                  
Did you run the export with Inkscape? There's no file
`./svg-inkscape/naturalSimulation_svg-tex.pdf'
although `fig/naturalSimulation.svg' was found.


./tex/5_Chapter3.tex:362: Package svg Error: File `naturalSimulation_svg-tex.pdf_tex' is missing.

See the svg package documentation for explanation.
Type  H <return>  for immediate help.
 ...                                              
                                                  
l.362 ...th=\textwidth]{fig/naturalSimulation.svg}
                                                  
Did you run the export with Inkscape? There's no file
`./svg-inkscape/naturalSimulation_svg-tex.pdf_tex'
although `fig/naturalSimulation.svg' was found.


LaTeX Warning: Reference `interTable' on page 1 undefined on input line 368.


LaTeX Warning: Reference `interBars' on page 1 undefined on input line 368.


Package svg Warning: You didn't enable `shell escape' (or `write18')
(svg)                so it wasn't possible to launch the Inkscape export
(svg)                for `fig/interventionTable.svg' on input line 375.


./tex/5_Chapter3.tex:375: Package svg Error: File `interventionTable_svg-tex.pdf' is missing.

See the svg package documentation for explanation.
Type  H <return>  for immediate help.
 ...                                              
                                                  
l.375 ...th=\textwidth]{fig/interventionTable.svg}
                                                  
Did you run the export with Inkscape? There's no file
`./svg-inkscape/interventionTable_svg-tex.pdf'
although `fig/interventionTable.svg' was found.


./tex/5_Chapter3.tex:375: Package svg Error: File `interventionTable_svg-tex.pdf_tex' is missing.

See the svg package documentation for explanation.
Type  H <return>  for immediate help.
 ...                                              
                                                  
l.375 ...th=\textwidth]{fig/interventionTable.svg}
                                                  
Did you run the export with Inkscape? There's no file
`./svg-inkscape/interventionTable_svg-tex.pdf_tex'
although `fig/interventionTable.svg' was found.

[30]

LaTeX Warning: Reference `interTable' on page 1 undefined on input line 381.


Package natbib Warning: Citation `sajjad2015sustainable' on page 31 undefined on input line 381.


Package natbib Warning: Citation `oecd2017oecd' on page 31 undefined on input line 381.


Package natbib Warning: Citation `dangelico2010mainstreaming' on page 31 undefined on input line 382.


Package natbib Warning: Citation `montiel2019effect' on page 31 undefined on input line 382.


Package svg Warning: You didn't enable `shell escape' (or `write18')
(svg)                so it wasn't possible to launch the Inkscape export
(svg)                for `fig/interventionBar.svg' on input line 388.


./tex/5_Chapter3.tex:388: Package svg Error: File `interventionBar_svg-tex.pdf' is missing.

See the svg package documentation for explanation.
Type  H <return>  for immediate help.
 ...                                              
                                                  
l.388 ...idth=\textwidth]{fig/interventionBar.svg}
                                                  
Did you run the export with Inkscape? There's no file
`./svg-inkscape/interventionBar_svg-tex.pdf'
although `fig/interventionBar.svg' was found.


./tex/5_Chapter3.tex:388: Package svg Error: File `interventionBar_svg-tex.pdf_tex' is missing.

See the svg package documentation for explanation.
Type  H <return>  for immediate help.
 ...                                              
                                                  
l.388 ...idth=\textwidth]{fig/interventionBar.svg}
                                                  
Did you run the export with Inkscape? There's no file
`./svg-inkscape/interventionBar_svg-tex.pdf_tex'
although `fig/interventionBar.svg' was found.


Package svg Warning: You didn't enable `shell escape' (or `write18')
(svg)                so it wasn't possible to launch the Inkscape export
(svg)                for `fig/mixesOutput.svg' on input line 395.


./tex/5_Chapter3.tex:395: Package svg Error: File `mixesOutput_svg-tex.pdf' is missing.

See the svg package documentation for explanation.
Type  H <return>  for immediate help.
 ...                                              
                                                  
l.395 ...vg[width=\textwidth]{fig/mixesOutput.svg}
                                                  
Did you run the export with Inkscape? There's no file
`./svg-inkscape/mixesOutput_svg-tex.pdf'
although `fig/mixesOutput.svg' was found.


./tex/5_Chapter3.tex:395: Package svg Error: File `mixesOutput_svg-tex.pdf_tex' is missing.

See the svg package documentation for explanation.
Type  H <return>  for immediate help.
 ...                                              
                                                  
l.395 ...vg[width=\textwidth]{fig/mixesOutput.svg}
                                                  
Did you run the export with Inkscape? There's no file
`./svg-inkscape/mixesOutput_svg-tex.pdf_tex'
although `fig/mixesOutput.svg' was found.


Package natbib Warning: Citation `chkanikova2015corporate' on page 31 undefined on input line 402.

[31]

LaTeX Warning: Reference `mixedBar' on page 1 undefined on input line 404.


LaTeX Warning: Reference `FCMdiagram' on page 1 undefined on input line 409.


LaTeX Warning: Reference `degreeFCM' on page 1 undefined on input line 409.


LaTeX Warning: Reference `theoryframe' on page 1 undefined on input line 411.


Overfull \hbox (13.52187pt too wide) in paragraph at lines 411--412
[]\OT1/cmr/m/n/12 If we re-call from the dis-cus-sion on the def-i-ni-tion of cir-cu-lar econ-omy in [], cir-cu-lar (bio)economy
 []

[32]

LaTeX Warning: Reference `researchQ' on page 1 undefined on input line 413.


Package natbib Warning: Citation `gottinger2020studying' on page 33 undefined on input line 414.


LaTeX Warning: Reference `theoryframe' on page 1 undefined on input line 414.


LaTeX Warning: Reference `FCMdiagram' on page 1 undefined on input line 416.


Package natbib Warning: Citation `magdoff2000hungry' on page 33 undefined on input line 416.


Package natbib Warning: Citation `ricciardi2021higher' on page 33 undefined on input line 416.


Package natbib Warning: Citation `rodriguez2020extractivismo' on page 33 undefined on input line 416.

[33]

LaTeX Warning: Reference `theoryframe' on page 1 undefined on input line 420.


Package natbib Warning: Citation `brown2019companies' on page 34 undefined on input line 420.


Package natbib Warning: Citation `gottinger2020studying' on page 34 undefined on input line 422.

[34]

LaTeX Warning: Reference `descriptiveFCM' on page 1 undefined on input line 424.


Package natbib Warning: Citation `kashmanian2017building' on page 35 undefined on input line 426.


Package natbib Warning: Citation `jahansoozi2006organization' on page 35 undefined on input line 426.


LaTeX Warning: Reference `theoryframe' on page 1 undefined on input line 426.


LaTeX Warning: Reference `neweconomy' on page 1 undefined on input line 428.

[35]

LaTeX Warning: Reference `entropyResults' on page 1 undefined on input line 430.

[36]

LaTeX Warning: Reference `mixedBar' on page 1 undefined on input line 434.

[37] [38]

Package natbib Warning: Citation `blomsma2022making' on page 39 undefined on input line 450.


Package natbib Warning: Citation `edwards2021building' on page 39 undefined on input line 452.

[39]) [40] (./tex/6_Chapter4.tex
 4.

LaTeX Warning: Reference `chapter_3lab' on page 1 undefined on input line 4.


Package natbib Warning: Citation `fearon2006alfred' on page 41 undefined on input line 8.


Package natbib Warning: Citation `hakimi1964optimum' on page 41 undefined on input line 8.


Package natbib Warning: Citation `farahani2009facility' on page 41 undefined on input line 8.


Package natbib Warning: Citation `wolf2022solving' on page 41 undefined on input line 10.

[41


]

LaTeX Warning: Reference `chapter_3lab' on page 1 undefined on input line 12.


Package natbib Warning: Citation `papageorgiou2003fuzzy' on page 42 undefined on input line 12.


Package natbib Warning: Citation `seppanen1970facilities' on page 42 undefined on input line 12.


Package natbib Warning: Citation `kokash2005introduction' on page 42 undefined on input line 14.


Package natbib Warning: Citation `cooper1963location' on page 42 undefined on input line 14.

[42]

Package natbib Warning: Citation `sridharan1995capacitated' on page 43 undefined on input line 16.


Package natbib Warning: Citation `abdel2018metaheuristic' on page 43 undefined on input line 16.


Package natbib Warning: Citation `adeleke2020facility' on page 43 undefined on input line 18.


Package natbib Warning: Citation `berglund2014robust' on page 43 undefined on input line 18.


Package natbib Warning: Citation `hu2017bi' on page 43 undefined on input line 18.


Package natbib Warning: Citation `wu2020optimization' on page 43 undefined on input line 18.


Package natbib Warning: Citation `athira2020effective' on page 43 undefined on input line 18.


Package natbib Warning: Citation `guerrero2016gis' on page 43 undefined on input line 18.


Package natbib Warning: Citation `duarte2014facility' on page 43 undefined on input line 18.

[43] [44]
Overfull \hbox (44.1853pt too wide) in paragraph at lines 55--56
[]\OT1/cmr/m/n/12 (https://desktop.arcgis.com/en/arcmap/latest/extensions/network-analyst/location-allocation.htm) 
 []

[45] [46] Excluding 'comment' comment.) [47] (./tex/7_Conclusion.tex
 5.
[48


] [49]) [50]
No file main.bbl.
(./tex/8_Appendix.tex [51


]
 6.
[52

]
Overfull \hbox (23.99998pt too wide) in paragraph at lines 36--104
 [][] 
 []

[53] [54] [55

]
Overfull \vbox (322.45769pt too high) has occurred while \output is active []

 [56]

Package svg Warning: You didn't enable `shell escape' (or `write18')
(svg)                so it wasn't possible to launch the Inkscape export
(svg)                for `fig/matrixFCM.svg' on input line 174.


./tex/8_Appendix.tex:174: Package svg Error: File `matrixFCM_svg-tex.pdf' is missing.

See the svg package documentation for explanation.
Type  H <return>  for immediate help.
 ...                                              
                                                  
l.174 ...[width=1.3\textwidth]{fig/matrixFCM.svg}}
                                                  %
Did you run the export with Inkscape? There's no file
`./svg-inkscape/matrixFCM_svg-tex.pdf'
although `fig/matrixFCM.svg' was found.


./tex/8_Appendix.tex:174: Package svg Error: File `matrixFCM_svg-tex.pdf_tex' is missing.

See the svg package documentation for explanation.
Type  H <return>  for immediate help.
 ...                                              
                                                  
l.174 ...[width=1.3\textwidth]{fig/matrixFCM.svg}}
                                                  %
Did you run the export with Inkscape? There's no file
`./svg-inkscape/matrixFCM_svg-tex.pdf_tex'
although `fig/matrixFCM.svg' was found.

) [57]

Package natbib Warning: There were undefined citations.

(./main.aux)

LaTeX Font Warning: Some font shapes were not available, defaults substituted.


LaTeX Warning: There were undefined references.


LaTeX Warning: Label(s) may have changed. Rerun to get cross-references right.


Package rerunfilecheck Warning: File `main.out' has changed.
(rerunfilecheck)                Rerun to get outlines right
(rerunfilecheck)                or use package `bookmark'.

Package rerunfilecheck Info: Checksums for `main.out':
(rerunfilecheck)             Before: <no file>
(rerunfilecheck)             After:  62B130FCAB9EC1F11EA952A2CC796AAB;10806.
 ) 
Here is how much of TeX's memory you used:
 35494 strings out of 477964
 691396 string characters out of 5835691
 1872382 words of memory out of 5000000
 54840 multiletter control sequences out of 15000+600000
 522289 words of font info for 69 fonts, out of 8000000 for 9000
 14 hyphenation exceptions out of 8191
 95i,19n,117p,2620b,693s stack positions out of 10000i,1000n,20000p,200000b,200000s
 <c:/Users/isaldiviagonzatti/AppData/Roaming/TinyTeX/texmf-var/fonts/pk/ljfour/jknappen/ec/tcrm1200.600pk><c:/Users/isaldiviagonzatti/AppData/Roaming/TinyTeX/texmf-dist/fonts/type1/public/amsfonts/cm/cmbx10.pfb><c:/Users/isaldiviagonzatti/AppData/Roaming/TinyTeX/texmf-dist/fonts/type1/public/amsfonts/cm/cmbx12.pfb><c:/Users/isaldiviagonzatti/AppData/Roaming/TinyTeX/texmf-dist/fonts/type1/public/amsfonts/cm/cmex10.pfb><c:/Users/isaldiviagonzatti/AppData/Roaming/TinyTeX/texmf-dist/fonts/type1/public/amsfonts/cm/cmmi12.pfb><c:/Users/isaldiviagonzatti/AppData/Roaming/TinyTeX/texmf-dist/fonts/type1/public/amsfonts/cm/cmmi8.pfb><c:/Users/isaldiviagonzatti/AppData/Roaming/TinyTeX/texmf-dist/fonts/type1/public/amsfonts/cm/cmr10.pfb><c:/Users/isaldiviagonzatti/AppData/Roaming/TinyTeX/texmf-dist/fonts/type1/public/amsfonts/cm/cmr12.pfb><c:/Users/isaldiviagonzatti/AppData/Roaming/TinyTeX/texmf-dist/fonts/type1/public/amsfonts/cm/cmr17.pfb><c:/Users/isaldiviagonzatti/AppData/Roaming/TinyTeX/texmf-dist/fonts/type1/public/amsfonts/cm/cmr8.pfb><c:/Users/isaldiviagonzatti/AppData/Roaming/TinyTeX/texmf-dist/fonts/type1/public/amsfonts/cm/cmsy10.pfb><c:/Users/isaldiviagonzatti/AppData/Roaming/TinyTeX/texmf-dist/fonts/type1/public/amsfonts/cm/cmsy8.pfb><c:/Users/isaldiviagonzatti/AppData/Roaming/TinyTeX/texmf-dist/fonts/type1/public/amsfonts/cm/cmti10.pfb><c:/Users/isaldiviagonzatti/AppData/Roaming/TinyTeX/texmf-dist/fonts/type1/public/amsfonts/cm/cmti12.pfb><c:/Users/isaldiviagonzatti/AppData/Roaming/TinyTeX/texmf-dist/fonts/type1/public/amsfonts/symbols/msbm10.pfb>
Output written on main.pdf (64 pages, 545857 bytes).
PDF statistics:
 503 PDF objects out of 1000 (max. 8388607)
 393 compressed objects within 4 object streams
 144 named destinations out of 1000 (max. 500000)
 33 words of extra memory for PDF output out of 10000 (max. 10000000)

